#
# There is insufficient memory for the Java Runtime Environment to continue.
# Native memory allocation (malloc) failed to allocate 131088 bytes for Chunk::new
# Possible reasons:
#   The system is out of physical RAM or swap space
#   In 32 bit mode, the process size limit was hit
# Possible solutions:
#   Reduce memory load on the system
#   Increase physical memory or swap space
#   Check if swap backing store is full
#   Use 64 bit Java on a 64 bit OS
#   Decrease Java heap size (-Xmx/-Xms)
#   Decrease number of Java threads
#   Decrease Java thread stack sizes (-Xss)
#   Set larger code cache with -XX:ReservedCodeCacheSize=
# This output file may be truncated or incomplete.
#
#  Out of Memory Error (allocation.cpp:390), pid=12896, tid=0x0000000000001d2c
#
# JRE version: Java(TM) SE Runtime Environment (8.0_141-b15) (build 1.8.0_141-b15)
# Java VM: Java HotSpot(TM) 64-Bit Server VM (25.141-b15 mixed mode windows-amd64 compressed oops)
# Failed to write core dump. Minidumps are not enabled by default on client versions of Windows
#

---------------  T H R E A D  ---------------

Current thread (0x000000001c02e000):  JavaThread "C2 CompilerThread0" daemon [_thread_in_native, id=7468, stack(0x000000001d930000,0x000000001da30000)]

Stack: [0x000000001d930000,0x000000001da30000]
[error occurred during error reporting (printing stack bounds), id 0xc0000005]

Native frames: (J=compiled Java code, j=interpreted, Vv=VM code, C=native code)


Current CompileTask:
C2:   9502 2559       4       org.apache.maven.model.validation.DefaultModelValidator::validateEffectiveDependency (726 bytes)


---------------  P R O C E S S  ---------------

Java Threads: ( => current thread )
  0x000000001d393800 JavaThread "Service Thread" daemon [_thread_blocked, id=12180, stack(0x000000001dc30000,0x000000001dd30000)]
  0x000000001d38e800 JavaThread "C1 CompilerThread2" daemon [_thread_blocked, id=1480, stack(0x000000001db30000,0x000000001dc30000)]
  0x000000001d38b000 JavaThread "C2 CompilerThread1" daemon [_thread_blocked, id=1268, stack(0x000000001da30000,0x000000001db30000)]
=>0x000000001c02e000 JavaThread "C2 CompilerThread0" daemon [_thread_in_native, id=7468, stack(0x000000001d930000,0x000000001da30000)]
  0x000000001c02c800 JavaThread "Attach Listener" daemon [_thread_blocked, id=12592, stack(0x000000001d830000,0x000000001d930000)]
  0x000000001d340800 JavaThread "Signal Dispatcher" daemon [_thread_blocked, id=11076, stack(0x000000001d730000,0x000000001d830000)]
  0x000000001bfba800 JavaThread "Finalizer" daemon [_thread_blocked, id=18072, stack(0x000000001d230000,0x000000001d330000)]
  0x000000001bf99000 JavaThread "Reference Handler" daemon [_thread_blocked, id=7600, stack(0x000000001d130000,0x000000001d230000)]
  0x0000000002862800 JavaThread "main" [_thread_in_native, id=16428, stack(0x0000000002760000,0x0000000002860000)]

Other Threads:
  0x000000001bf97800 VMThread [stack: 0x000000001d030000,0x000000001d130000] [id=6476]
  0x000000001d3df800 WatcherThread [stack: 0x000000001dd30000,0x000000001de30000] [id=9748]

VM state:not at safepoint (normal execution)

VM Mutex/Monitor currently owned by a thread: None

Heap:
 PSYoungGen      total 141824K, used 37473K [0x000000076ae00000, 0x0000000774300000, 0x00000007c0000000)
  eden space 131072K, 20% used [0x000000076ae00000,0x000000076c81ff28,0x0000000772e00000)
  from space 10752K, 99% used [0x0000000773880000,0x00000007742f8530,0x0000000774300000)
  to   space 10752K, 0% used [0x0000000772e00000,0x0000000772e00000,0x0000000773880000)
 ParOldGen       total 175104K, used 1149K [0x00000006c0a00000, 0x00000006cb500000, 0x000000076ae00000)
  object space 175104K, 0% used [0x00000006c0a00000,0x00000006c0b1f4c0,0x00000006cb500000)
 Metaspace       used 15661K, capacity 15880K, committed 16128K, reserved 1062912K
  class space    used 1873K, capacity 1947K, committed 2048K, reserved 1048576K

Card table byte_map: [0x0000000011d20000,0x0000000012520000] byte_map_base: 0x000000000e71b000

Marking Bits: (ParMarkBitMap*) 0x000000007469d850
 Begin Bits: [0x0000000012e80000, 0x0000000016e58000)
 End Bits:   [0x0000000016e58000, 0x000000001ae30000)

Polling page: 0x00000000009c0000

CodeCache: size=245760Kb used=9306Kb max_used=9315Kb free=236453Kb
 bounds [0x0000000002960000, 0x0000000003290000, 0x0000000011960000]
 total_blobs=2920 nmethods=2563 adapters=269
 compilation: enabled

Compilation events (10 events):
Event: 9.482 Thread 0x000000001d38e800 2561       3       java.util.TreeMap::getEntryUsingComparator (74 bytes)
Event: 9.482 Thread 0x000000001d38e800 nmethod 2561 0x0000000003270cd0 code [0x0000000003270e60, 0x0000000003271268]
Event: 9.483 Thread 0x000000001d38e800 2562       1       org.eclipse.aether.resolution.VersionRequest::getTrace (5 bytes)
Event: 9.483 Thread 0x000000001d38e800 nmethod 2562 0x0000000003273d10 code [0x0000000003273e60, 0x0000000003273f70]
Event: 9.484 Thread 0x000000001d38b000 2563       4       java.nio.CharBuffer::hasArray (20 bytes)
Event: 9.484 Thread 0x000000001d38b000 nmethod 2563 0x0000000003270a50 code [0x0000000003270b80, 0x0000000003270c18]
Event: 9.484 Thread 0x000000001d38b000 2564       4       java.nio.ByteBuffer::hasArray (20 bytes)
Event: 9.485 Thread 0x000000001d38b000 nmethod 2564 0x0000000003281d10 code [0x0000000003281e40, 0x0000000003281ed8]
Event: 9.486 Thread 0x000000001d38e800 2565       3       org.apache.maven.repository.internal.ArtifactDescriptorUtils::toRepositoryPolicy (52 bytes)
Event: 9.486 Thread 0x000000001d38e800 nmethod 2565 0x0000000003276610 code [0x00000000032767c0, 0x0000000003276db8]

GC Heap History (4 events):
Event: 3.372 GC heap before
{Heap before GC invocations=1 (full 0):
 PSYoungGen      total 76288K, used 65536K [0x000000076ae00000, 0x0000000770300000, 0x00000007c0000000)
  eden space 65536K, 100% used [0x000000076ae00000,0x000000076ee00000,0x000000076ee00000)
  from space 10752K, 0% used [0x000000076f880000,0x000000076f880000,0x0000000770300000)
  to   space 10752K, 0% used [0x000000076ee00000,0x000000076ee00000,0x000000076f880000)
 ParOldGen       total 175104K, used 0K [0x00000006c0a00000, 0x00000006cb500000, 0x000000076ae00000)
  object space 175104K, 0% used [0x00000006c0a00000,0x00000006c0a00000,0x00000006cb500000)
 Metaspace       used 12008K, capacity 12222K, committed 12416K, reserved 1060864K
  class space    used 1499K, capacity 1578K, committed 1664K, reserved 1048576K
Event: 3.560 GC heap after
Heap after GC invocations=1 (full 0):
 PSYoungGen      total 76288K, used 10570K [0x000000076ae00000, 0x0000000774300000, 0x00000007c0000000)
  eden space 65536K, 0% used [0x000000076ae00000,0x000000076ae00000,0x000000076ee00000)
  from space 10752K, 98% used [0x000000076ee00000,0x000000076f852b40,0x000000076f880000)
  to   space 10752K, 0% used [0x0000000773880000,0x0000000773880000,0x0000000774300000)
 ParOldGen       total 175104K, used 16K [0x00000006c0a00000, 0x00000006cb500000, 0x000000076ae00000)
  object space 175104K, 0% used [0x00000006c0a00000,0x00000006c0a04000,0x00000006cb500000)
 Metaspace       used 12008K, capacity 12222K, committed 12416K, reserved 1060864K
  class space    used 1499K, capacity 1578K, committed 1664K, reserved 1048576K
}
Event: 7.959 GC heap before
{Heap before GC invocations=2 (full 0):
 PSYoungGen      total 76288K, used 76106K [0x000000076ae00000, 0x0000000774300000, 0x00000007c0000000)
  eden space 65536K, 100% used [0x000000076ae00000,0x000000076ee00000,0x000000076ee00000)
  from space 10752K, 98% used [0x000000076ee00000,0x000000076f852b40,0x000000076f880000)
  to   space 10752K, 0% used [0x0000000773880000,0x0000000773880000,0x0000000774300000)
 ParOldGen       total 175104K, used 16K [0x00000006c0a00000, 0x00000006cb500000, 0x000000076ae00000)
  object space 175104K, 0% used [0x00000006c0a00000,0x00000006c0a04000,0x00000006cb500000)
 Metaspace       used 15482K, capacity 15752K, committed 16128K, reserved 1062912K
  class space    used 1860K, capacity 1947K, committed 2048K, reserved 1048576K
Event: 8.112 GC heap after
Heap after GC invocations=2 (full 0):
 PSYoungGen      total 141824K, used 10721K [0x000000076ae00000, 0x0000000774300000, 0x00000007c0000000)
  eden space 131072K, 0% used [0x000000076ae00000,0x000000076ae00000,0x0000000772e00000)
  from space 10752K, 99% used [0x0000000773880000,0x00000007742f8530,0x0000000774300000)
  to   space 10752K, 0% used [0x0000000772e00000,0x0000000772e00000,0x0000000773880000)
 ParOldGen       total 175104K, used 1149K [0x00000006c0a00000, 0x00000006cb500000, 0x000000076ae00000)
  object space 175104K, 0% used [0x00000006c0a00000,0x00000006c0b1f4c0,0x00000006cb500000)
 Metaspace       used 15482K, capacity 15752K, committed 16128K, reserved 1062912K
  class space    used 1860K, capacity 1947K, committed 2048K, reserved 1048576K
}

Deoptimization events (10 events):
Event: 9.040 Thread 0x0000000002862800 Uncommon trap: reason=class_check action=maybe_recompile pc=0x0000000002f97a9c method=java.util.concurrent.ConcurrentHashMap.putVal(Ljava/lang/Object;Ljava/lang/Object;Z)Ljava/lang/Object; @ 192
Event: 9.071 Thread 0x0000000002862800 Uncommon trap: reason=class_check action=maybe_recompile pc=0x0000000003186510 method=java.util.regex.Pattern$Start.match(Ljava/util/regex/Matcher;ILjava/lang/CharSequence;)Z @ 44
Event: 9.071 Thread 0x0000000002862800 Uncommon trap: reason=class_check action=maybe_recompile pc=0x0000000003186510 method=java.util.regex.Pattern$Start.match(Ljava/util/regex/Matcher;ILjava/lang/CharSequence;)Z @ 44
Event: 9.071 Thread 0x0000000002862800 Uncommon trap: reason=unstable_if action=reinterpret pc=0x0000000003186604 method=java.util.regex.Matcher.search(I)Z @ 30
Event: 9.071 Thread 0x0000000002862800 Uncommon trap: reason=class_check action=maybe_recompile pc=0x000000000304195c method=java.util.regex.Pattern$7.isSatisfiedBy(I)Z @ 16
Event: 9.071 Thread 0x0000000002862800 Uncommon trap: reason=class_check action=maybe_recompile pc=0x000000000304195c method=java.util.regex.Pattern$7.isSatisfiedBy(I)Z @ 16
Event: 9.071 Thread 0x0000000002862800 Uncommon trap: reason=class_check action=maybe_recompile pc=0x000000000304196c method=java.util.regex.Pattern$CharProperty$1.isSatisfiedBy(I)Z @ 5
Event: 9.071 Thread 0x0000000002862800 Uncommon trap: reason=class_check action=maybe_recompile pc=0x000000000304195c method=java.util.regex.Pattern$7.isSatisfiedBy(I)Z @ 16
Event: 9.071 Thread 0x0000000002862800 Uncommon trap: reason=class_check action=maybe_recompile pc=0x000000000304195c method=java.util.regex.Pattern$7.isSatisfiedBy(I)Z @ 16
Event: 9.480 Thread 0x0000000002862800 Uncommon trap: reason=null_check action=make_not_entrant pc=0x000000000327b7fc method=org.apache.maven.model.validation.DefaultModelValidator.validateEffectiveDependency(Lorg/apache/maven/model/building/ModelProblemCollector;Lorg/apache/maven/model/Depend

Internal exceptions (10 events):
Event: 4.855 Thread 0x0000000002862800 Exception <a 'java/lang/NullPointerException'> (0x000000076bd486d8) thrown at [C:\re\workspace\8-2-build-windows-amd64-cygwin\jdk8u141\9370\hotspot\src\share\vm\interpreter\linkResolver.cpp, line 1197]
Event: 4.874 Thread 0x0000000002862800 Exception <a 'java/lang/NullPointerException'> (0x000000076bd5e1b0) thrown at [C:\re\workspace\8-2-build-windows-amd64-cygwin\jdk8u141\9370\hotspot\src\share\vm\interpreter\linkResolver.cpp, line 1197]
Event: 4.874 Thread 0x0000000002862800 Exception <a 'java/lang/NullPointerException'> (0x000000076bd5e3c8) thrown at [C:\re\workspace\8-2-build-windows-amd64-cygwin\jdk8u141\9370\hotspot\src\share\vm\interpreter\linkResolver.cpp, line 1197]
Event: 4.874 Thread 0x0000000002862800 Exception <a 'java/lang/NullPointerException'> (0x000000076bd5e5e0) thrown at [C:\re\workspace\8-2-build-windows-amd64-cygwin\jdk8u141\9370\hotspot\src\share\vm\interpreter\linkResolver.cpp, line 1197]
Event: 5.239 Thread 0x0000000002862800 Implicit null exception at 0x0000000002fb4727 to 0x0000000002fb5a45
Event: 7.697 Thread 0x0000000002862800 Implicit null exception at 0x0000000003170883 to 0x0000000003170acd
Event: 8.127 Thread 0x0000000002862800 Implicit null exception at 0x0000000002bc2455 to 0x0000000002bc2659
Event: 8.127 Thread 0x0000000002862800 Implicit null exception at 0x0000000002c9836f to 0x0000000002c983d9
Event: 9.028 Thread 0x0000000002862800 Implicit null exception at 0x000000000313164f to 0x0000000003131b6d
Event: 9.480 Thread 0x0000000002862800 Implicit null exception at 0x0000000003277e18 to 0x000000000327b7e5

Events (10 events):
Event: 9.071 Thread 0x0000000002862800 Uncommon trap: trap_request=0xffffffde fr.pc=0x000000000304195c
Event: 9.071 Thread 0x0000000002862800 DEOPT PACKING pc=0x000000000304195c sp=0x000000000285cd40
Event: 9.071 Thread 0x0000000002862800 DEOPT UNPACKING pc=0x00000000029a582a sp=0x000000000285ccf0 mode 2
Event: 9.327 loading class com/google/inject/internal/InternalContext$1
Event: 9.327 loading class com/google/inject/internal/InternalContext$1 done
Event: 9.383 loading class org/eclipse/aether/util/graph/selector/ExclusionDependencySelector$ExclusionComparator
Event: 9.383 loading class org/eclipse/aether/util/graph/selector/ExclusionDependencySelector$ExclusionComparator done
Event: 9.480 Thread 0x0000000002862800 Uncommon trap: trap_request=0xfffffff4 fr.pc=0x000000000327b7fc
Event: 9.480 Thread 0x0000000002862800 DEOPT PACKING pc=0x000000000327b7fc sp=0x000000000285c900
Event: 9.480 Thread 0x0000000002862800 DEOPT UNPACKING pc=0x00000000029a582a sp=0x000000000285c970 mode 2


Dynamic libraries:
0x00007ff7cd410000 - 0x00007ff7cd447000 	D:\CodingSoft\WebServer\JDK8\bin\java.exe
0x00007ffd923b0000 - 0x00007ffd925a5000 	C:\WINDOWS\SYSTEM32\ntdll.dll
0x00007ffd90e80000 - 0x00007ffd90f3d000 	C:\WINDOWS\System32\KERNEL32.DLL
0x00007ffd8faf0000 - 0x00007ffd8fdb9000 	C:\WINDOWS\System32\KERNELBASE.dll
0x00007ffd90420000 - 0x00007ffd904cc000 	C:\WINDOWS\System32\ADVAPI32.dll
0x00007ffd90ae0000 - 0x00007ffd90b7e000 	C:\WINDOWS\System32\msvcrt.dll
0x00007ffd90f70000 - 0x00007ffd9100b000 	C:\WINDOWS\System32\sechost.dll
0x00007ffd91b00000 - 0x00007ffd91c2a000 	C:\WINDOWS\System32\RPCRT4.dll
0x00007ffd90700000 - 0x00007ffd908a0000 	C:\WINDOWS\System32\USER32.dll
0x00007ffd903f0000 - 0x00007ffd90412000 	C:\WINDOWS\System32\win32u.dll
0x00007ffd918b0000 - 0x00007ffd918da000 	C:\WINDOWS\System32\GDI32.dll
0x00007ffd8fdc0000 - 0x00007ffd8fecb000 	C:\WINDOWS\System32\gdi32full.dll
0x00007ffd90250000 - 0x00007ffd902ed000 	C:\WINDOWS\System32\msvcp_win.dll
0x00007ffd902f0000 - 0x00007ffd903f0000 	C:\WINDOWS\System32\ucrtbase.dll
0x00007ffd81010000 - 0x00007ffd812aa000 	C:\WINDOWS\WinSxS\amd64_microsoft.windows.common-controls_6595b64144ccf1df_6.0.19041.1110_none_60b5254171f9507e\COMCTL32.dll
0x00007ffd90f40000 - 0x00007ffd90f70000 	C:\WINDOWS\System32\IMM32.DLL
0x0000000075030000 - 0x0000000075102000 	D:\CodingSoft\WebServer\JDK8\jre\bin\msvcr100.dll
0x0000000073e80000 - 0x000000007471d000 	D:\CodingSoft\WebServer\JDK8\jre\bin\server\jvm.dll
0x00007ffd90ad0000 - 0x00007ffd90ad8000 	C:\WINDOWS\System32\PSAPI.DLL
0x00007ffd7f6b0000 - 0x00007ffd7f6b9000 	C:\WINDOWS\SYSTEM32\WSOCK32.dll
0x00007ffd91a90000 - 0x00007ffd91afb000 	C:\WINDOWS\System32\WS2_32.dll
0x00007ffd838b0000 - 0x00007ffd838d7000 	C:\WINDOWS\SYSTEM32\WINMM.dll
0x00007ffd8f680000 - 0x00007ffd8f68a000 	C:\WINDOWS\SYSTEM32\VERSION.dll
0x0000000075530000 - 0x000000007553f000 	D:\CodingSoft\WebServer\JDK8\jre\bin\verify.dll
0x0000000075500000 - 0x0000000075529000 	D:\CodingSoft\WebServer\JDK8\jre\bin\java.dll
0x0000000074fd0000 - 0x0000000074fe6000 	D:\CodingSoft\WebServer\JDK8\jre\bin\zip.dll
0x00007ffd91c30000 - 0x00007ffd9236f000 	C:\WINDOWS\System32\SHELL32.dll
0x00007ffd8d960000 - 0x00007ffd8e0f1000 	C:\WINDOWS\SYSTEM32\windows.storage.dll
0x00007ffd914a0000 - 0x00007ffd917f5000 	C:\WINDOWS\System32\combase.dll
0x00007ffd8f4f0000 - 0x00007ffd8f51c000 	C:\WINDOWS\SYSTEM32\Wldp.dll
0x00007ffd908a0000 - 0x00007ffd9094e000 	C:\WINDOWS\System32\SHCORE.dll
0x00007ffd90950000 - 0x00007ffd909a5000 	C:\WINDOWS\System32\shlwapi.dll
0x00007ffd8fa30000 - 0x00007ffd8fa4f000 	C:\WINDOWS\SYSTEM32\profapi.dll
0x00007ffd8b6f0000 - 0x00007ffd8b6fa000 	D:\CodingSoft\WebServer\apache-maven-3.5.0\lib\jansi-native\windows64\jansi.dll
0x0000000074fa0000 - 0x0000000074fba000 	D:\CodingSoft\WebServer\JDK8\jre\bin\net.dll
0x00007ffd8f250000 - 0x00007ffd8f2ba000 	C:\WINDOWS\system32\mswsock.dll
0x0000000074f70000 - 0x0000000074f81000 	D:\CodingSoft\WebServer\JDK8\jre\bin\nio.dll

VM Arguments:
jvm_args: -Dmaven.multiModuleProjectDirectory=F:\WK\java\gmall0218\gmall-user-manager -Dmaven.home=D:\CodingSoft\WebServer\apache-maven-3.5.0 -Dclassworlds.conf=D:\CodingSoft\WebServer\apache-maven-3.5.0\bin\m2.conf -Dmaven.ext.class.path=D:\CodingSoft\IDEA\IntelliJ IDEA 2020.1.1\plugins\maven\lib\maven-event-listener.jar -Dfile.encoding=UTF-8 
java_command: org.codehaus.classworlds.Launcher -Didea.version2020.1.1 -DskipTests=true install --non-recursive -P jdk-1.8
java_class_path (initial): D:\CodingSoft\WebServer\apache-maven-3.5.0\boot\plexus-classworlds-2.5.2.jar
Launcher Type: SUN_STANDARD

Environment Variables:
JAVA_HOME=D:\CodingSoft\WebServer\JDK8
USERNAME=Vistor
OS=Windows_NT
PROCESSOR_IDENTIFIER=Intel64 Family 6 Model 158 Stepping 9, GenuineIntel



---------------  S Y S T E M  ---------------

OS: Windows 10.0 , 64 bit Build 19041 (10.0.19041.1023)

CPU:total 4 (initial active 4) (4 cores per cpu, 1 threads per core) family 6 model 158 stepping 9, cmov, cx8, fxsr, mmx, sse, sse2, sse3, ssse3, sse4.1, sse4.2, popcnt, avx, avx2, aes, clmul, erms, rtm, 3dnowpref, lzcnt, tsc, tscinvbit, bmi1, bmi2, adx

Memory: 4k page, physical 16736100k(6116196k free), swap 16736100k(4112k free)

vm_info: Java HotSpot(TM) 64-Bit Server VM (25.141-b15) for windows-amd64 JRE (1.8.0_141-b15), built on Jul 12 2017 04:25:12 by "java_re" with MS VC++ 10.0 (VS2010)

time: Sun Dec 19 18:16:57 2021
elapsed time: 9 seconds (0d 0h 0m 9s)

