JvmtiExport can_access_local_variables 0
JvmtiExport can_hotswap_or_post_breakpoint 0
JvmtiExport can_post_on_exceptions 0
# 153 ciObject found
ciMethod java/lang/Object <init> ()V 4097 1 143413 0 0
ciMethod java/lang/Object getClass ()Ljava/lang/Class; 2049 1 256 0 -1
ciMethod java/lang/Object hashCode ()I 2049 1 256 0 -1
ciMethod java/lang/Class isArray ()Z 3081 1 385 0 -1
ciMethod java/lang/Class getName ()Ljava/lang/String; 337 1 3516 0 0
ciMethod java/lang/Class getName0 ()Ljava/lang/String; 2057 1 257 0 -1
ciMethod java/lang/Class getComponentType ()Ljava/lang/Class; 2057 1 257 0 -1
ciMethodData java/lang/Object <init> ()V 2 143413 orig 264 88 66 239 118 0 0 0 0 128 4 8 28 0 0 0 0 32 1 0 0 0 0 0 0 0 0 0 0 0 0 0 0 0 0 0 0 0 0 0 0 0 0 0 0 0 0 0 0 0 0 0 0 0 0 0 0 0 0 0 0 0 0 0 0 0 0 0 0 0 0 0 0 0 0 0 0 0 0 0 0 77 68 79 32 101 120 116 114 97 32 100 97 116 97 32 108 111 99 107 0 0 0 0 0 0 0 0 0 0 0 0 0 0 0 0 0 0 0 0 0 0 0 0 0 0 0 0 0 0 0 0 0 0 0 0 0 0 0 0 0 0 0 0 0 0 0 0 0 0 0 0 0 0 0 0 0 0 0 0 0 0 0 0 0 0 0 0 0 0 0 0 0 0 0 0 0 0 0 0 0 0 0 0 0 1 0 0 0 0 0 0 0 1 0 0 0 0 0 0 0 1 0 0 0 0 0 0 0 0 0 0 0 0 0 0 0 0 2 0 0 169 113 17 0 1 0 0 0 0 0 0 0 0 0 0 0 2 0 0 0 0 0 3 0 1 0 0 0 0 0 0 0 255 255 255 255 0 0 0 0 0 0 0 0 data 0 oops 0
ciMethod java/lang/reflect/Array newInstance (Ljava/lang/Class;I)Ljava/lang/Object; 601 1 672 0 0
ciMethod java/lang/reflect/Array newArray (Ljava/lang/Class;I)Ljava/lang/Object; 2057 1 257 0 -1
ciMethodData java/lang/Class getName ()Ljava/lang/String; 2 3516 orig 264 88 66 239 118 0 0 0 0 248 198 8 28 0 0 0 0 80 1 0 0 0 0 0 0 0 0 0 0 0 0 0 0 0 0 0 0 0 0 0 0 0 0 0 0 0 0 0 0 0 0 0 0 0 0 0 0 0 0 0 0 0 0 0 0 0 0 0 0 0 0 0 0 0 0 0 0 0 0 0 0 77 68 79 32 101 120 116 114 97 32 100 97 116 97 32 108 111 99 107 0 0 0 0 0 0 0 0 0 0 0 0 0 0 0 0 0 0 0 0 0 0 0 0 0 0 0 0 0 0 0 0 0 0 0 0 0 0 0 0 0 0 0 0 0 0 0 0 0 0 0 0 0 0 0 0 0 0 0 0 0 0 0 0 0 0 0 0 0 0 0 0 0 0 0 0 0 0 0 0 0 0 0 0 0 0 0 0 0 0 0 0 0 0 0 0 0 0 0 0 0 0 0 0 0 0 0 0 0 0 0 0 0 0 0 0 0 42 0 0 0 145 108 0 0 1 0 0 0 0 0 0 0 0 0 0 0 2 0 0 0 0 0 6 0 2 0 0 0 48 0 0 0 255 255 255 255 7 0 6 0 0 0 0 0 data 6 0x60007 0xbc1 0x30 0x1d1 0xb0002 0x1d1 oops 0
ciMethod com/google/common/base/Preconditions checkArgument (ZLjava/lang/String;[Ljava/lang/Object;)V 2393 1 3772 0 0
ciMethod com/google/common/base/Preconditions checkNotNull (Ljava/lang/Object;Ljava/lang/Object;)Ljava/lang/Object; 2049 1 9981 0 64
ciMethod com/google/inject/TypeLiteral <init> (Ljava/lang/reflect/Type;)V 2729 1 5461 0 -1
ciMethod java/lang/reflect/GenericArrayType getGenericComponentType ()Ljava/lang/reflect/Type; 0 0 1 0 -1
ciMethod java/lang/reflect/ParameterizedType getActualTypeArguments ()[Ljava/lang/reflect/Type; 0 0 1 0 -1
ciMethod java/lang/reflect/ParameterizedType getRawType ()Ljava/lang/reflect/Type; 0 0 1 0 -1
ciMethod java/lang/reflect/ParameterizedType getOwnerType ()Ljava/lang/reflect/Type; 0 0 1 0 -1
ciMethod java/lang/reflect/WildcardType getUpperBounds ()[Ljava/lang/reflect/Type; 0 0 1 0 -1
ciMethod java/lang/reflect/WildcardType getLowerBounds ()[Ljava/lang/reflect/Type; 0 0 1 0 -1
ciMethod com/google/inject/internal/MoreTypes canonicalize (Ljava/lang/reflect/Type;)Ljava/lang/reflect/Type; 2233 1 5436 0 3072
ciMethod com/google/inject/internal/MoreTypes getRawType (Ljava/lang/reflect/Type;)Ljava/lang/Class; 2281 1 5405 0 544
ciMethodData java/lang/reflect/Array newInstance (Ljava/lang/Class;I)Ljava/lang/Object; 1 672 orig 264 88 66 239 118 0 0 0 0 232 228 34 28 0 0 0 0 96 1 0 0 0 0 0 0 0 0 0 0 0 0 0 0 0 0 0 0 0 0 0 0 0 0 0 0 0 0 0 0 0 0 0 0 0 0 0 0 0 0 0 0 0 0 0 0 0 0 0 0 0 0 0 0 0 0 0 0 0 0 0 0 77 68 79 32 101 120 116 114 97 32 100 97 116 97 32 108 111 99 107 0 0 0 0 0 0 0 0 0 0 0 0 0 0 0 0 0 0 0 0 0 0 0 0 0 0 0 0 0 0 0 0 0 0 0 0 0 0 0 0 0 0 0 0 0 0 0 0 0 0 0 0 0 0 0 0 0 0 0 0 0 0 0 0 0 0 0 0 0 0 0 0 0 0 0 0 0 0 0 0 0 0 0 0 0 0 0 0 0 0 0 0 0 0 0 0 0 0 0 0 0 0 0 0 0 0 0 0 0 0 0 0 0 0 0 0 0 75 0 0 0 169 18 0 0 1 0 0 0 0 0 0 0 0 0 0 0 2 0 0 0 0 0 3 0 2 0 0 0 16 0 0 0 255 255 255 255 2 0 2 0 0 0 0 0 data 2 0x20002 0x255 oops 0
ciMethod com/google/inject/internal/MoreTypes$GenericArrayTypeImpl <init> (Ljava/lang/reflect/Type;)V 33 1 10 0 -1
ciMethod com/google/inject/internal/MoreTypes$GenericArrayTypeImpl getGenericComponentType ()Ljava/lang/reflect/Type; 81 1 10 0 0
ciMethod com/google/inject/internal/MoreTypes$ParameterizedTypeImpl <init> (Ljava/lang/reflect/Type;Ljava/lang/reflect/Type;[Ljava/lang/reflect/Type;)V 281 281 400 0 -1
ciMethod com/google/inject/internal/MoreTypes$ParameterizedTypeImpl getRawType ()Ljava/lang/reflect/Type; 1169 1 146 0 0
ciMethod com/google/inject/internal/MoreTypes$WildcardTypeImpl <init> ([Ljava/lang/reflect/Type;[Ljava/lang/reflect/Type;)V 81 1 36 0 -1
ciMethodData com/google/common/base/Preconditions checkNotNull (Ljava/lang/Object;Ljava/lang/Object;)Ljava/lang/Object; 2 9981 orig 264 88 66 239 118 0 0 0 0 16 199 87 28 0 0 0 0 144 1 0 0 0 0 0 0 0 0 0 0 0 0 0 0 0 0 0 0 0 0 0 0 0 0 0 0 0 0 0 0 0 0 0 0 0 0 0 0 0 0 0 0 0 0 0 0 0 0 0 0 0 0 0 0 0 0 0 0 0 0 0 0 77 68 79 32 101 120 116 114 97 32 100 97 116 97 32 108 111 99 107 0 0 0 0 0 0 0 0 0 0 0 0 0 0 0 0 0 0 0 0 0 0 0 0 0 0 0 0 0 0 0 0 0 0 0 0 0 0 0 0 0 0 0 0 0 0 0 0 0 0 0 0 0 0 0 0 0 0 0 0 0 0 0 0 0 0 0 0 0 0 0 0 0 0 0 0 0 0 0 0 0 0 0 0 0 0 0 0 0 0 0 0 0 0 0 0 0 0 0 0 0 0 0 0 0 0 0 0 0 0 0 0 0 0 0 0 0 0 1 0 0 233 47 1 0 1 0 0 0 0 0 0 0 0 0 0 0 2 0 0 0 0 0 9 0 2 0 0 0 64 0 0 0 255 255 255 255 7 0 1 0 0 0 0 0 data 8 0x10007 0x25fd 0x40 0x0 0x90002 0x0 0xc0002 0x0 oops 0
ciMethodData com/google/inject/internal/MoreTypes canonicalize (Ljava/lang/reflect/Type;)Ljava/lang/reflect/Type; 2 5436 orig 264 88 66 239 118 0 0 0 0 40 105 106 28 0 0 0 0 208 5 0 0 136 3 0 0 0 0 0 0 0 0 0 0 0 0 0 0 0 0 0 0 0 0 0 0 0 0 0 0 0 0 0 0 0 0 0 0 0 0 0 0 0 0 0 0 0 0 0 0 0 0 0 0 0 0 0 0 0 0 0 0 77 68 79 32 101 120 116 114 97 32 100 97 116 97 32 108 111 99 107 0 0 0 0 0 0 0 0 0 0 0 0 0 0 0 0 0 0 0 0 0 0 0 0 0 0 0 0 0 0 0 0 0 0 0 0 0 0 0 0 0 0 0 0 0 0 0 0 0 0 0 0 0 0 0 0 0 0 0 0 0 0 0 0 0 0 0 0 0 0 0 0 0 0 0 0 0 0 0 0 0 0 0 0 0 25 0 0 0 0 0 0 0 0 0 0 0 0 0 0 0 0 0 0 0 0 0 0 0 1 0 0 0 0 0 0 0 22 1 0 0 41 161 0 0 1 0 0 0 0 0 0 0 0 0 0 0 2 0 0 0 0 0 16 0 2 0 0 0 136 4 0 0 255 255 255 255 4 0 1 0 0 0 0 0 data 145 0x10004 0xfffffffffffffd54 0x3389bd0 0x1179 0x20fb3ec0 0x5 0x40007 0x2ac 0x138 0x1179 0x80004 0x0 0x3389bd0 0x1179 0x0 0x0 0xd0005 0x1a 0x3389bd0 0x115f 0x0 0x0 0x100007 0x1175 0x88 0x4 0x180005 0x0 0x3389bd0 0x4 0x0 0x0 0x1b0002 0x4 0x1e0002 0x4 0x210003 0x4 0x18 0x250004 0x0 0x3389bd0 0x1175 0x20f336a0 0x4 0x2a0004 0xfffffffffffffd5a 0x20fb3ec0 0x5 0x20f87520 0x5 0x2d0007 0x2a6 0x20 0x6 0x330004 0xfffffffffffffec3 0x20fb3ec0 0x169 0x20f87520 0x5 0x360007 0x13d 0xf0 0x169 0x3a0004 0x0 0x20fb3ec0 0x169 0x0 0x0 0x430005 0x0 0x20fb3ec0 0x169 0x0 0x0 0x490005 0x0 0x20fb3ec0 0x169 0x0 0x0 0x4f0005 0x0 0x20fb3ec0 0x169 0x0 0x0 0x540002 0x169 0x590004 0xfffffffffffffec5 0x20f87520 0x5 0x20f875d0 0x2 0x5c0007 0x13b 0x90 0x2 0x600004 0x0 0x20f875d0 0x2 0x0 0x0 0x690005 0x0 0x20f875d0 0x2 0x0 0x0 0x6e0002 0x2 0x730004 0xfffffffffffffedd 0x20f87520 0x5 0x20f87680 0x18 0x760007 0x123 0xc0 0x18 0x7a0004 0x0 0x20f87680 0x18 0x0 0x0 0x830005 0x0 0x20f87680 0x18 0x0 0x0 0x890005 0x0 0x20f87680 0x18 0x0 0x0 0x8e0002 0x18 oops 24 2 java/lang/Class 4 sun/reflect/generics/reflectiveObjects/ParameterizedTypeImpl 12 java/lang/Class 18 java/lang/Class 28 java/lang/Class 41 java/lang/Class 43 com/google/inject/internal/MoreTypes$GenericArrayTypeImpl 47 sun/reflect/generics/reflectiveObjects/ParameterizedTypeImpl 49 sun/reflect/generics/reflectiveObjects/TypeVariableImpl