#
# There is insufficient memory for the Java Runtime Environment to continue.
# Native memory allocation (malloc) failed to allocate 1048576 bytes for AllocateHeap
# Possible reasons:
#   The system is out of physical RAM or swap space
#   In 32 bit mode, the process size limit was hit
# Possible solutions:
#   Reduce memory load on the system
#   Increase physical memory or swap space
#   Check if swap backing store is full
#   Use 64 bit Java on a 64 bit OS
#   Decrease Java heap size (-Xmx/-Xms)
#   Decrease number of Java threads
#   Decrease Java thread stack sizes (-Xss)
#   Set larger code cache with -XX:ReservedCodeCacheSize=
# This output file may be truncated or incomplete.
#
#  Out of Memory Error (memory/allocation.inline.hpp:61), pid=15368, tid=0x0000000000003c50
#
# JRE version:  (8.0_141-b15) (build )
# Java VM: Java HotSpot(TM) 64-Bit Server VM (25.141-b15 mixed mode windows-amd64 compressed oops)
# Failed to write core dump. Minidumps are not enabled by default on client versions of Windows
#

---------------  T H R E A D  ---------------

Current thread (0x0000000002962800):  JavaThread "Unknown thread" [_thread_in_vm, id=15440, stack(0x0000000002860000,0x0000000002960000)]

Stack: [0x0000000002860000,0x0000000002960000]
[error occurred during error reporting (printing stack bounds), id 0xc0000005]

Native frames: (J=compiled Java code, j=interpreted, Vv=VM code, C=native code)


---------------  P R O C E S S  ---------------

Java Threads: ( => current thread )

Other Threads:

=>0x0000000002962800 (exited) JavaThread "Unknown thread" [_thread_in_vm, id=15440, stack(0x0000000002860000,0x0000000002960000)]

VM state:not at safepoint (normal execution)

VM Mutex/Monitor currently owned by a thread: None

Heap:
 PSYoungGen      total 76288K, used 1310K [0x000000076ae00000, 0x0000000770300000, 0x00000007c0000000)
  eden space 65536K, 2% used [0x000000076ae00000,0x000000076af47af0,0x000000076ee00000)
  from space 10752K, 0% used [0x000000076f880000,0x000000076f880000,0x0000000770300000)
  to   space 10752K, 0% used [0x000000076ee00000,0x000000076ee00000,0x000000076f880000)
 ParOldGen       total 175104K, used 0K [0x00000006c0a00000, 0x00000006cb500000, 0x000000076ae00000)
  object space 175104K, 0% used [0x00000006c0a00000,0x00000006c0a00000,0x00000006cb500000)
 Metaspace       used 783K, capacity 1092K, committed 1152K, reserved 1060864K
  class space    used 75K, capacity 384K, committed 384K, reserved 1048576K

Card table byte_map: [0x0000000011e20000,0x0000000012620000] byte_map_base: 0x000000000e81b000

Marking Bits: (ParMarkBitMap*) 0x00000000660ad850
 Begin Bits: [0x0000000012f80000, 0x0000000016f58000)
 End Bits:   [0x0000000016f58000, 0x000000001af30000)

Polling page: 0x0000000002480000

CodeCache: size=245760Kb used=328Kb max_used=328Kb free=245431Kb
 bounds [0x0000000002a60000, 0x0000000002cd0000, 0x0000000011a60000]
 total_blobs=58 nmethods=0 adapters=38
 compilation: enabled

Compilation events (0 events):
No events

GC Heap History (0 events):
No events

Deoptimization events (0 events):
No events

Internal exceptions (0 events):
No events

Events (10 events):
Event: 0.027 loading class java/lang/Short
Event: 0.027 loading class java/lang/Short done
Event: 0.027 loading class java/lang/Integer
Event: 0.028 loading class java/lang/Integer done
Event: 0.028 loading class java/lang/Long
Event: 0.028 loading class java/lang/Long done
Event: 0.028 loading class java/lang/NullPointerException
Event: 0.028 loading class java/lang/NullPointerException done
Event: 0.028 loading class java/lang/ArithmeticException
Event: 0.028 loading class java/lang/ArithmeticException done


Dynamic libraries:
0x00007ff6f3c10000 - 0x00007ff6f3c47000 	D:\CodingSoft\WebServer\JDK8\bin\java.exe
0x00007ff8b79d0000 - 0x00007ff8b7bc5000 	C:\WINDOWS\SYSTEM32\ntdll.dll
0x00007ff8b62c0000 - 0x00007ff8b637d000 	C:\WINDOWS\System32\KERNEL32.DLL
0x00007ff8b56e0000 - 0x00007ff8b59a9000 	C:\WINDOWS\System32\KERNELBASE.dll
0x00007ff8b78e0000 - 0x00007ff8b798c000 	C:\WINDOWS\System32\ADVAPI32.dll
0x00007ff8b7840000 - 0x00007ff8b78de000 	C:\WINDOWS\System32\msvcrt.dll
0x00007ff8b77a0000 - 0x00007ff8b783b000 	C:\WINDOWS\System32\sechost.dll
0x00007ff8b6750000 - 0x00007ff8b687a000 	C:\WINDOWS\System32\RPCRT4.dll
0x00007ff8b65a0000 - 0x00007ff8b6740000 	C:\WINDOWS\System32\USER32.dll
0x00007ff8b5660000 - 0x00007ff8b5682000 	C:\WINDOWS\System32\win32u.dll
0x00007ff8b76a0000 - 0x00007ff8b76ca000 	C:\WINDOWS\System32\GDI32.dll
0x00007ff8b53c0000 - 0x00007ff8b54cb000 	C:\WINDOWS\System32\gdi32full.dll
0x00007ff8b5110000 - 0x00007ff8b51ad000 	C:\WINDOWS\System32\msvcp_win.dll
0x00007ff8b5260000 - 0x00007ff8b5360000 	C:\WINDOWS\System32\ucrtbase.dll
0x00007ff8a6d70000 - 0x00007ff8a700a000 	C:\WINDOWS\WinSxS\amd64_microsoft.windows.common-controls_6595b64144ccf1df_6.0.19041.1110_none_60b5254171f9507e\COMCTL32.dll
0x00007ff8b6880000 - 0x00007ff8b68b0000 	C:\WINDOWS\System32\IMM32.DLL
0x0000000066130000 - 0x0000000066202000 	D:\CodingSoft\WebServer\JDK8\jre\bin\msvcr100.dll
0x0000000065890000 - 0x000000006612d000 	D:\CodingSoft\WebServer\JDK8\jre\bin\server\jvm.dll
0x00007ff8b6740000 - 0x00007ff8b6748000 	C:\WINDOWS\System32\PSAPI.DLL
0x00007ff8a48b0000 - 0x00007ff8a48b9000 	C:\WINDOWS\SYSTEM32\WSOCK32.dll
0x00007ff8a7ac0000 - 0x00007ff8a7ae7000 	C:\WINDOWS\SYSTEM32\WINMM.dll
0x00007ff8b6460000 - 0x00007ff8b64cb000 	C:\WINDOWS\System32\WS2_32.dll
0x00007ff8b4ca0000 - 0x00007ff8b4caa000 	C:\WINDOWS\SYSTEM32\VERSION.dll
0x0000000068070000 - 0x000000006807f000 	D:\CodingSoft\WebServer\JDK8\jre\bin\verify.dll
0x0000000068040000 - 0x0000000068069000 	D:\CodingSoft\WebServer\JDK8\jre\bin\java.dll
0x0000000065800000 - 0x0000000065816000 	D:\CodingSoft\WebServer\JDK8\jre\bin\zip.dll

VM Arguments:
jvm_args: -Dmaven.multiModuleProjectDirectory=F:\WK\java\gmall0218\gmall-list-web -Dmaven.home=D:\CodingSoft\WebServer\apache-maven-3.5.0 -Dclassworlds.conf=D:\CodingSoft\WebServer\apache-maven-3.5.0\bin\m2.conf -Dmaven.ext.class.path=D:\CodingSoft\IDEA\IntelliJ IDEA 2020.1.1\plugins\maven\lib\maven-event-listener.jar -Dfile.encoding=UTF-8 
java_command: org.codehaus.classworlds.Launcher -Didea.version2020.1.1 -DskipTests=true compile -P jdk-1.8
java_class_path (initial): D:\CodingSoft\WebServer\apache-maven-3.5.0\boot\plexus-classworlds-2.5.2.jar
Launcher Type: SUN_STANDARD

Environment Variables:
JAVA_HOME=D:\CodingSoft\WebServer\JDK8
USERNAME=Vistor
OS=Windows_NT
PROCESSOR_IDENTIFIER=Intel64 Family 6 Model 158 Stepping 9, GenuineIntel



---------------  S Y S T E M  ---------------

OS: Windows 10.0 , 64 bit Build 19041 (10.0.19041.1023)

CPU:total 4 (initial active 4) (4 cores per cpu, 1 threads per core) family 6 model 158 stepping 9, cmov, cx8, fxsr, mmx, sse, sse2, sse3, ssse3, sse4.1, sse4.2, popcnt, avx, avx2, aes, clmul, erms, rtm, 3dnowpref, lzcnt, tsc, tscinvbit, bmi1, bmi2, adx

Memory: 4k page, physical 16736100k(5294100k free), swap 16736100k(6116k free)

vm_info: Java HotSpot(TM) 64-Bit Server VM (25.141-b15) for windows-amd64 JRE (1.8.0_141-b15), built on Jul 12 2017 04:25:12 by "java_re" with MS VC++ 10.0 (VS2010)

time: Mon Dec 27 10:51:45 2021
elapsed time: 0 seconds (0d 0h 0m 0s)

