#
# There is insufficient memory for the Java Runtime Environment to continue.
# Native memory allocation (malloc) failed to allocate 47616 bytes for Chunk::new
# Possible reasons:
#   The system is out of physical RAM or swap space
#   In 32 bit mode, the process size limit was hit
# Possible solutions:
#   Reduce memory load on the system
#   Increase physical memory or swap space
#   Check if swap backing store is full
#   Use 64 bit Java on a 64 bit OS
#   Decrease Java heap size (-Xmx/-Xms)
#   Decrease number of Java threads
#   Decrease Java thread stack sizes (-Xss)
#   Set larger code cache with -XX:ReservedCodeCacheSize=
# This output file may be truncated or incomplete.
#
#  Out of Memory Error (allocation.cpp:390), pid=1592, tid=0x0000000000002a60
#
# JRE version: Java(TM) SE Runtime Environment (8.0_141-b15) (build 1.8.0_141-b15)
# Java VM: Java HotSpot(TM) 64-Bit Server VM (25.141-b15 mixed mode windows-amd64 compressed oops)
# Failed to write core dump. Minidumps are not enabled by default on client versions of Windows
#

---------------  T H R E A D  ---------------

Current thread (0x000000001c354800):  JavaThread "C2 CompilerThread0" daemon [_thread_in_native, id=10848, stack(0x000000001dcc0000,0x000000001ddc0000)]

Stack: [0x000000001dcc0000,0x000000001ddc0000]
[error occurred during error reporting (printing stack bounds), id 0xc0000005]

Native frames: (J=compiled Java code, j=interpreted, Vv=VM code, C=native code)


Current CompileTask:
C2:  16071 3630       4       java.lang.String::toLowerCase (439 bytes)


---------------  P R O C E S S  ---------------

Java Threads: ( => current thread )
  0x000000001d72c000 JavaThread "Service Thread" daemon [_thread_blocked, id=3960, stack(0x000000001dfc0000,0x000000001e0c0000)]
  0x000000001d727000 JavaThread "C1 CompilerThread2" daemon [_thread_blocked, id=10328, stack(0x000000001dec0000,0x000000001dfc0000)]
  0x000000001c357800 JavaThread "C2 CompilerThread1" daemon [_thread_blocked, id=15492, stack(0x000000001ddc0000,0x000000001dec0000)]
=>0x000000001c354800 JavaThread "C2 CompilerThread0" daemon [_thread_in_native, id=10848, stack(0x000000001dcc0000,0x000000001ddc0000)]
  0x000000001c310000 JavaThread "Attach Listener" daemon [_thread_blocked, id=17192, stack(0x000000001dbc0000,0x000000001dcc0000)]
  0x000000001d6d0800 JavaThread "Signal Dispatcher" daemon [_thread_blocked, id=12908, stack(0x000000001dac0000,0x000000001dbc0000)]
  0x0000000002c88000 JavaThread "Finalizer" daemon [_thread_blocked, id=16200, stack(0x000000001d560000,0x000000001d660000)]
  0x0000000002c82000 JavaThread "Reference Handler" daemon [_thread_blocked, id=2840, stack(0x000000001d460000,0x000000001d560000)]
  0x0000000002b92800 JavaThread "main" [_thread_in_Java, id=12712, stack(0x0000000002a30000,0x0000000002b30000)]

Other Threads:
  0x000000001c2c8000 VMThread [stack: 0x000000001d360000,0x000000001d460000] [id=17512]
  0x000000001d7a1000 WatcherThread [stack: 0x000000001e0c0000,0x000000001e1c0000] [id=16100]

VM state:not at safepoint (normal execution)

VM Mutex/Monitor currently owned by a thread: None

Heap:
 PSYoungGen      total 272896K, used 6260K [0x000000076ae00000, 0x000000077c300000, 0x00000007c0000000)
  eden space 262144K, 2% used [0x000000076ae00000,0x000000076b41d380,0x000000077ae00000)
  from space 10752K, 0% used [0x000000077b880000,0x000000077b880000,0x000000077c300000)
  to   space 10752K, 0% used [0x000000077ae00000,0x000000077ae00000,0x000000077b880000)
 ParOldGen       total 109056K, used 22508K [0x00000006c0a00000, 0x00000006c7480000, 0x000000076ae00000)
  object space 109056K, 20% used [0x00000006c0a00000,0x00000006c1ffb1a8,0x00000006c7480000)
 Metaspace       used 21423K, capacity 22022K, committed 22448K, reserved 1069056K
  class space    used 2548K, capacity 2716K, committed 2816K, reserved 1048576K

Card table byte_map: [0x0000000012050000,0x0000000012850000] byte_map_base: 0x000000000ea4b000

Marking Bits: (ParMarkBitMap*) 0x000000007469d850
 Begin Bits: [0x00000000131b0000, 0x0000000017188000)
 End Bits:   [0x0000000017188000, 0x000000001b160000)

Polling page: 0x0000000002660000

CodeCache: size=245760Kb used=11759Kb max_used=13564Kb free=234000Kb
 bounds [0x0000000002c90000, 0x0000000003a20000, 0x0000000011c90000]
 total_blobs=3588 nmethods=3199 adapters=301
 compilation: enabled

Compilation events (10 events):
Event: 15.897 Thread 0x000000001d727000 nmethod 3625 0x0000000002db24d0 code [0x0000000002db2680, 0x0000000002db2b98]
Event: 16.064 Thread 0x000000001d727000 3626       3       com.sun.tools.javac.parser.UnicodeReader::putChar (41 bytes)
Event: 16.064 Thread 0x000000001d727000 nmethod 3626 0x000000000311cd90 code [0x000000000311cf40, 0x000000000311d4d8]
Event: 16.064 Thread 0x000000001d727000 3627       3       com.sun.tools.javac.parser.UnicodeReader::putChar (10 bytes)
Event: 16.064 Thread 0x000000001d727000 nmethod 3627 0x0000000002dbaad0 code [0x0000000002dbac40, 0x0000000002dbae68]
Event: 16.064 Thread 0x000000001d727000 3628       3       com.sun.tools.javac.parser.UnicodeReader::scanChar (45 bytes)
Event: 16.064 Thread 0x000000001d727000 nmethod 3628 0x00000000032cad90 code [0x00000000032caf00, 0x00000000032cb1c8]
Event: 16.065 Thread 0x000000001d727000 3629       3       java.lang.CharacterData::of (120 bytes)
Event: 16.065 Thread 0x000000001d727000 nmethod 3629 0x0000000002e2c650 code [0x0000000002e2c800, 0x0000000002e2cd10]
Event: 16.065 Thread 0x000000001c354800 3630       4       java.lang.String::toLowerCase (439 bytes)

GC Heap History (10 events):
Event: 3.081 GC heap before
{Heap before GC invocations=1 (full 0):
 PSYoungGen      total 76288K, used 65536K [0x000000076ae00000, 0x0000000770300000, 0x00000007c0000000)
  eden space 65536K, 100% used [0x000000076ae00000,0x000000076ee00000,0x000000076ee00000)
  from space 10752K, 0% used [0x000000076f880000,0x000000076f880000,0x0000000770300000)
  to   space 10752K, 0% used [0x000000076ee00000,0x000000076ee00000,0x000000076f880000)
 ParOldGen       total 175104K, used 0K [0x00000006c0a00000, 0x00000006cb500000, 0x000000076ae00000)
  object space 175104K, 0% used [0x00000006c0a00000,0x00000006c0a00000,0x00000006cb500000)
 Metaspace       used 12009K, capacity 12222K, committed 12416K, reserved 1060864K
  class space    used 1499K, capacity 1578K, committed 1664K, reserved 1048576K
Event: 3.236 GC heap after
Heap after GC invocations=1 (full 0):
 PSYoungGen      total 76288K, used 10529K [0x000000076ae00000, 0x0000000774300000, 0x00000007c0000000)
  eden space 65536K, 0% used [0x000000076ae00000,0x000000076ae00000,0x000000076ee00000)
  from space 10752K, 97% used [0x000000076ee00000,0x000000076f8486b8,0x000000076f880000)
  to   space 10752K, 0% used [0x0000000773880000,0x0000000773880000,0x0000000774300000)
 ParOldGen       total 175104K, used 0K [0x00000006c0a00000, 0x00000006cb500000, 0x000000076ae00000)
  object space 175104K, 0% used [0x00000006c0a00000,0x00000006c0a00000,0x00000006cb500000)
 Metaspace       used 12009K, capacity 12222K, committed 12416K, reserved 1060864K
  class space    used 1499K, capacity 1578K, committed 1664K, reserved 1048576K
}
Event: 6.495 GC heap before
{Heap before GC invocations=2 (full 0):
 PSYoungGen      total 76288K, used 76065K [0x000000076ae00000, 0x0000000774300000, 0x00000007c0000000)
  eden space 65536K, 100% used [0x000000076ae00000,0x000000076ee00000,0x000000076ee00000)
  from space 10752K, 97% used [0x000000076ee00000,0x000000076f8486b8,0x000000076f880000)
  to   space 10752K, 0% used [0x0000000773880000,0x0000000773880000,0x0000000774300000)
 ParOldGen       total 175104K, used 0K [0x00000006c0a00000, 0x00000006cb500000, 0x000000076ae00000)
  object space 175104K, 0% used [0x00000006c0a00000,0x00000006c0a00000,0x00000006cb500000)
 Metaspace       used 15278K, capacity 15554K, committed 15872K, reserved 1062912K
  class space    used 1842K, capacity 1946K, committed 2048K, reserved 1048576K
Event: 6.633 GC heap after
Heap after GC invocations=2 (full 0):
 PSYoungGen      total 141824K, used 10744K [0x000000076ae00000, 0x0000000774300000, 0x00000007c0000000)
  eden space 131072K, 0% used [0x000000076ae00000,0x000000076ae00000,0x0000000772e00000)
  from space 10752K, 99% used [0x0000000773880000,0x00000007742fe010,0x0000000774300000)
  to   space 10752K, 0% used [0x0000000772e00000,0x0000000772e00000,0x0000000773880000)
 ParOldGen       total 175104K, used 3875K [0x00000006c0a00000, 0x00000006cb500000, 0x000000076ae00000)
  object space 175104K, 2% used [0x00000006c0a00000,0x00000006c0dc8c88,0x00000006cb500000)
 Metaspace       used 15278K, capacity 15554K, committed 15872K, reserved 1062912K
  class space    used 1842K, capacity 1946K, committed 2048K, reserved 1048576K
}
Event: 15.169 GC heap before
{Heap before GC invocations=3 (full 0):
 PSYoungGen      total 141824K, used 141816K [0x000000076ae00000, 0x0000000774300000, 0x00000007c0000000)
  eden space 131072K, 100% used [0x000000076ae00000,0x0000000772e00000,0x0000000772e00000)
  from space 10752K, 99% used [0x0000000773880000,0x00000007742fe010,0x0000000774300000)
  to   space 10752K, 0% used [0x0000000772e00000,0x0000000772e00000,0x0000000773880000)
 ParOldGen       total 175104K, used 3875K [0x00000006c0a00000, 0x00000006cb500000, 0x000000076ae00000)
  object space 175104K, 2% used [0x00000006c0a00000,0x00000006c0dc8c88,0x00000006cb500000)
 Metaspace       used 19601K, capacity 20102K, committed 20480K, reserved 1067008K
  class space    used 2315K, capacity 2460K, committed 2560K, reserved 1048576K
Event: 15.208 GC heap after
Heap after GC invocations=3 (full 0):
 PSYoungGen      total 141824K, used 10720K [0x000000076ae00000, 0x000000077c300000, 0x00000007c0000000)
  eden space 131072K, 0% used [0x000000076ae00000,0x000000076ae00000,0x0000000772e00000)
  from space 10752K, 99% used [0x0000000772e00000,0x0000000773878040,0x0000000773880000)
  to   space 10752K, 0% used [0x000000077b880000,0x000000077b880000,0x000000077c300000)
 ParOldGen       total 175104K, used 15426K [0x00000006c0a00000, 0x00000006cb500000, 0x000000076ae00000)
  object space 175104K, 8% used [0x00000006c0a00000,0x00000006c1910a10,0x00000006cb500000)
 Metaspace       used 19601K, capacity 20102K, committed 20480K, reserved 1067008K
  class space    used 2315K, capacity 2460K, committed 2560K, reserved 1048576K
}
Event: 15.289 GC heap before
{Heap before GC invocations=4 (full 0):
 PSYoungGen      total 141824K, used 15903K [0x000000076ae00000, 0x000000077c300000, 0x00000007c0000000)
  eden space 131072K, 3% used [0x000000076ae00000,0x000000076b30fe00,0x0000000772e00000)
  from space 10752K, 99% used [0x0000000772e00000,0x0000000773878040,0x0000000773880000)
  to   space 10752K, 0% used [0x000000077b880000,0x000000077b880000,0x000000077c300000)
 ParOldGen       total 175104K, used 15426K [0x00000006c0a00000, 0x00000006cb500000, 0x000000076ae00000)
  object space 175104K, 8% used [0x00000006c0a00000,0x00000006c1910a10,0x00000006cb500000)
 Metaspace       used 20607K, capacity 21094K, committed 21296K, reserved 1069056K
  class space    used 2460K, capacity 2620K, committed 2688K, reserved 1048576K
Event: 15.314 GC heap after
Heap after GC invocations=4 (full 0):
 PSYoungGen      total 272896K, used 10720K [0x000000076ae00000, 0x000000077c300000, 0x00000007c0000000)
  eden space 262144K, 0% used [0x000000076ae00000,0x000000076ae00000,0x000000077ae00000)
  from space 10752K, 99% used [0x000000077b880000,0x000000077c2f8020,0x000000077c300000)
  to   space 10752K, 0% used [0x000000077ae00000,0x000000077ae00000,0x000000077b880000)
 ParOldGen       total 175104K, used 15797K [0x00000006c0a00000, 0x00000006cb500000, 0x000000076ae00000)
  object space 175104K, 9% used [0x00000006c0a00000,0x00000006c196d558,0x00000006cb500000)
 Metaspace       used 20607K, capacity 21094K, committed 21296K, reserved 1069056K
  class space    used 2460K, capacity 2620K, committed 2688K, reserved 1048576K
}
Event: 15.314 GC heap before
{Heap before GC invocations=5 (full 1):
 PSYoungGen      total 272896K, used 10720K [0x000000076ae00000, 0x000000077c300000, 0x00000007c0000000)
  eden space 262144K, 0% used [0x000000076ae00000,0x000000076ae00000,0x000000077ae00000)
  from space 10752K, 99% used [0x000000077b880000,0x000000077c2f8020,0x000000077c300000)
  to   space 10752K, 0% used [0x000000077ae00000,0x000000077ae00000,0x000000077b880000)
 ParOldGen       total 175104K, used 15797K [0x00000006c0a00000, 0x00000006cb500000, 0x000000076ae00000)
  object space 175104K, 9% used [0x00000006c0a00000,0x00000006c196d558,0x00000006cb500000)
 Metaspace       used 20607K, capacity 21094K, committed 21296K, reserved 1069056K
  class space    used 2460K, capacity 2620K, committed 2688K, reserved 1048576K
Event: 15.468 GC heap after
Heap after GC invocations=5 (full 1):
 PSYoungGen      total 272896K, used 0K [0x000000076ae00000, 0x000000077c300000, 0x00000007c0000000)
  eden space 262144K, 0% used [0x000000076ae00000,0x000000076ae00000,0x000000077ae00000)
  from space 10752K, 0% used [0x000000077b880000,0x000000077b880000,0x000000077c300000)
  to   space 10752K, 0% used [0x000000077ae00000,0x000000077ae00000,0x000000077b880000)
 ParOldGen       total 109056K, used 22508K [0x00000006c0a00000, 0x00000006c7480000, 0x000000076ae00000)
  object space 109056K, 20% used [0x00000006c0a00000,0x00000006c1ffb1a8,0x00000006c7480000)
 Metaspace       used 20607K, capacity 21094K, committed 21296K, reserved 1069056K
  class space    used 2460K, capacity 2620K, committed 2688K, reserved 1048576K
}

Deoptimization events (10 events):
Event: 9.795 Thread 0x0000000002b92800 Uncommon trap: reason=unstable_if action=reinterpret pc=0x000000000369d17c method=org.codehaus.plexus.interpolation.StringSearchInterpolator.interpolate(Ljava/lang/String;Lorg/codehaus/plexus/interpolation/RecursionInterceptor;Ljava/util/Set;)Ljava/lang/S
Event: 10.350 Thread 0x0000000002b92800 Uncommon trap: reason=unstable_if action=reinterpret pc=0x000000000328409c method=java.util.LinkedHashMap.afterNodeInsertion(Z)V @ 18
Event: 10.503 Thread 0x0000000002b92800 Uncommon trap: reason=unstable_if action=reinterpret pc=0x0000000003607ce8 method=java.util.HashMap.getNode(ILjava/lang/Object;)Ljava/util/HashMap$Node; @ 53
Event: 10.503 Thread 0x0000000002b92800 Uncommon trap: reason=unstable_if action=reinterpret pc=0x0000000002eebdcc method=java.util.HashMap.getNode(ILjava/lang/Object;)Ljava/util/HashMap$Node; @ 53
Event: 11.131 Thread 0x0000000002b92800 Uncommon trap: reason=intrinsic action=make_not_entrant pc=0x000000000330f054 method=org.apache.maven.model.Dependency.getManagementKey()Ljava/lang/String; @ 8
Event: 14.991 Thread 0x0000000002b92800 Uncommon trap: reason=predicate action=maybe_recompile pc=0x0000000003203f30 method=sun.misc.Resource.getBytes()[B @ 53
Event: 14.992 Thread 0x0000000002b92800 Uncommon trap: reason=predicate action=maybe_recompile pc=0x00000000031e16f0 method=sun.misc.Resource.getBytes()[B @ 53
Event: 15.549 Thread 0x0000000002b92800 Uncommon trap: reason=class_check action=maybe_recompile pc=0x0000000002e7fef8 method=sun.misc.URLClassPath.getLoader(I)Lsun/misc/URLClassPath$Loader; @ 94
Event: 15.768 Thread 0x0000000002b92800 Uncommon trap: reason=unstable_if action=reinterpret pc=0x0000000002e9b8fc method=sun.misc.URLClassPath$JarLoader.getResource(Ljava/lang/String;Z)Lsun/misc/Resource; @ 62
Event: 15.913 Thread 0x0000000002b92800 Uncommon trap: reason=unstable_if action=reinterpret pc=0x00000000034ba7b0 method=java.lang.CharacterData.of(I)Ljava/lang/CharacterData; @ 4

Internal exceptions (10 events):
Event: 7.647 Thread 0x0000000002b92800 Implicit null exception at 0x000000000354796e to 0x0000000003548079
Event: 7.787 Thread 0x0000000002b92800 Exception <a 'java/lang/NullPointerException'> (0x000000076cb87608) thrown at [C:\re\workspace\8-2-build-windows-amd64-cygwin\jdk8u141\9370\hotspot\src\share\vm\interpreter\linkResolver.cpp, line 1197]
Event: 7.787 Thread 0x0000000002b92800 Exception <a 'java/lang/NullPointerException'> (0x000000076cb87a08) thrown at [C:\re\workspace\8-2-build-windows-amd64-cygwin\jdk8u141\9370\hotspot\src\share\vm\interpreter\linkResolver.cpp, line 1197]
Event: 7.787 Thread 0x0000000002b92800 Exception <a 'java/lang/NullPointerException'> (0x000000076cb87e08) thrown at [C:\re\workspace\8-2-build-windows-amd64-cygwin\jdk8u141\9370\hotspot\src\share\vm\interpreter\linkResolver.cpp, line 1197]
Event: 7.788 Thread 0x0000000002b92800 Exception <a 'java/lang/NullPointerException'> (0x000000076cb8aaf8) thrown at [C:\re\workspace\8-2-build-windows-amd64-cygwin\jdk8u141\9370\hotspot\src\share\vm\interpreter\linkResolver.cpp, line 1197]
Event: 7.788 Thread 0x0000000002b92800 Exception <a 'java/lang/NullPointerException'> (0x000000076cb8aef8) thrown at [C:\re\workspace\8-2-build-windows-amd64-cygwin\jdk8u141\9370\hotspot\src\share\vm\interpreter\linkResolver.cpp, line 1197]
Event: 7.788 Thread 0x0000000002b92800 Exception <a 'java/lang/NullPointerException'> (0x000000076cb8b2f8) thrown at [C:\re\workspace\8-2-build-windows-amd64-cygwin\jdk8u141\9370\hotspot\src\share\vm\interpreter\linkResolver.cpp, line 1197]
Event: 9.002 Thread 0x0000000002b92800 Implicit null exception at 0x000000000362980b to 0x00000000036299a9
Event: 9.741 Thread 0x0000000002b92800 Implicit null exception at 0x00000000036ebd34 to 0x00000000036fb4bd
Event: 14.989 Thread 0x0000000002b92800 Exception <a 'java/lang/ClassNotFoundException': com/sun/tools/javac/api/JavacTool> (0x00000007727c9260) thrown at [C:\re\workspace\8-2-build-windows-amd64-cygwin\jdk8u141\9370\hotspot\src\share\vm\classfile\systemDictionary.cpp, line 210]

Events (10 events):
Event: 15.912 loading class com/sun/tools/javac/parser/JavadocTokenizer$DocReader done
Event: 15.912 Executing VM operation: Deoptimize
Event: 15.913 Executing VM operation: Deoptimize done
Event: 15.913 Thread 0x0000000002b92800 Uncommon trap: trap_request=0xffffff65 fr.pc=0x00000000034ba7b0
Event: 15.913 Thread 0x0000000002b92800 DEOPT PACKING pc=0x00000000034ba7b0 sp=0x0000000002b2d490
Event: 15.913 Thread 0x0000000002b92800 DEOPT UNPACKING pc=0x0000000002cd582a sp=0x0000000002b2d388 mode 2
Event: 15.913 loading class java/lang/CharacterData00
Event: 15.913 loading class java/lang/CharacterData00 done
Event: 15.913 Executing VM operation: Deoptimize
Event: 15.914 Executing VM operation: Deoptimize done


Dynamic libraries:
0x00007ff7cd410000 - 0x00007ff7cd447000 	D:\CodingSoft\WebServer\JDK8\bin\java.exe
0x00007ffd923b0000 - 0x00007ffd925a5000 	C:\WINDOWS\SYSTEM32\ntdll.dll
0x00007ffd90e80000 - 0x00007ffd90f3d000 	C:\WINDOWS\System32\KERNEL32.DLL
0x00007ffd8faf0000 - 0x00007ffd8fdb9000 	C:\WINDOWS\System32\KERNELBASE.dll
0x00007ffd90420000 - 0x00007ffd904cc000 	C:\WINDOWS\System32\ADVAPI32.dll
0x00007ffd90ae0000 - 0x00007ffd90b7e000 	C:\WINDOWS\System32\msvcrt.dll
0x00007ffd90f70000 - 0x00007ffd9100b000 	C:\WINDOWS\System32\sechost.dll
0x00007ffd91b00000 - 0x00007ffd91c2a000 	C:\WINDOWS\System32\RPCRT4.dll
0x00007ffd90700000 - 0x00007ffd908a0000 	C:\WINDOWS\System32\USER32.dll
0x00007ffd903f0000 - 0x00007ffd90412000 	C:\WINDOWS\System32\win32u.dll
0x00007ffd918b0000 - 0x00007ffd918da000 	C:\WINDOWS\System32\GDI32.dll
0x00007ffd8fdc0000 - 0x00007ffd8fecb000 	C:\WINDOWS\System32\gdi32full.dll
0x00007ffd90250000 - 0x00007ffd902ed000 	C:\WINDOWS\System32\msvcp_win.dll
0x00007ffd902f0000 - 0x00007ffd903f0000 	C:\WINDOWS\System32\ucrtbase.dll
0x00007ffd81010000 - 0x00007ffd812aa000 	C:\WINDOWS\WinSxS\amd64_microsoft.windows.common-controls_6595b64144ccf1df_6.0.19041.1110_none_60b5254171f9507e\COMCTL32.dll
0x00007ffd90f40000 - 0x00007ffd90f70000 	C:\WINDOWS\System32\IMM32.DLL
0x0000000075030000 - 0x0000000075102000 	D:\CodingSoft\WebServer\JDK8\jre\bin\msvcr100.dll
0x0000000073e80000 - 0x000000007471d000 	D:\CodingSoft\WebServer\JDK8\jre\bin\server\jvm.dll
0x00007ffd90ad0000 - 0x00007ffd90ad8000 	C:\WINDOWS\System32\PSAPI.DLL
0x00007ffd7f6b0000 - 0x00007ffd7f6b9000 	C:\WINDOWS\SYSTEM32\WSOCK32.dll
0x00007ffd91a90000 - 0x00007ffd91afb000 	C:\WINDOWS\System32\WS2_32.dll
0x00007ffd838b0000 - 0x00007ffd838d7000 	C:\WINDOWS\SYSTEM32\WINMM.dll
0x00007ffd8f680000 - 0x00007ffd8f68a000 	C:\WINDOWS\SYSTEM32\VERSION.dll
0x0000000075530000 - 0x000000007553f000 	D:\CodingSoft\WebServer\JDK8\jre\bin\verify.dll
0x0000000075500000 - 0x0000000075529000 	D:\CodingSoft\WebServer\JDK8\jre\bin\java.dll
0x0000000074fd0000 - 0x0000000074fe6000 	D:\CodingSoft\WebServer\JDK8\jre\bin\zip.dll
0x00007ffd91c30000 - 0x00007ffd9236f000 	C:\WINDOWS\System32\SHELL32.dll
0x00007ffd8d960000 - 0x00007ffd8e0f1000 	C:\WINDOWS\SYSTEM32\windows.storage.dll
0x00007ffd914a0000 - 0x00007ffd917f5000 	C:\WINDOWS\System32\combase.dll
0x00007ffd8f4f0000 - 0x00007ffd8f51c000 	C:\WINDOWS\SYSTEM32\Wldp.dll
0x00007ffd908a0000 - 0x00007ffd9094e000 	C:\WINDOWS\System32\SHCORE.dll
0x00007ffd90950000 - 0x00007ffd909a5000 	C:\WINDOWS\System32\shlwapi.dll
0x00007ffd8fa30000 - 0x00007ffd8fa4f000 	C:\WINDOWS\SYSTEM32\profapi.dll
0x00007ffd6f880000 - 0x00007ffd6f88a000 	D:\CodingSoft\WebServer\apache-maven-3.5.0\lib\jansi-native\windows64\jansi.dll
0x0000000074fa0000 - 0x0000000074fba000 	D:\CodingSoft\WebServer\JDK8\jre\bin\net.dll
0x00007ffd8f250000 - 0x00007ffd8f2ba000 	C:\WINDOWS\system32\mswsock.dll
0x0000000074f70000 - 0x0000000074f81000 	D:\CodingSoft\WebServer\JDK8\jre\bin\nio.dll

VM Arguments:
jvm_args: -Dmaven.multiModuleProjectDirectory=F:\WK\java\gmall0218\gmall-parent -Dmaven.home=D:\CodingSoft\WebServer\apache-maven-3.5.0 -Dclassworlds.conf=D:\CodingSoft\WebServer\apache-maven-3.5.0\bin\m2.conf -Dmaven.ext.class.path=D:\CodingSoft\IDEA\IntelliJ IDEA 2020.1.1\plugins\maven\lib\maven-event-listener.jar -Dfile.encoding=UTF-8 
java_command: org.codehaus.classworlds.Launcher -Didea.version2020.1.1 -DskipTests=true install --projects com.atguigu.gmall0218:gmall-bean,com.atguigu.gmall0218:gmall-common-util,com.atguigu.gmall0218:gmall-interface,com.atguigu.gmall0218:gmall-parent,com.atguigu.gmall0218:gmall-service-util,com.atguigu.gmall0218:gmall-web-util -P jdk-1.8
java_class_path (initial): D:\CodingSoft\WebServer\apache-maven-3.5.0\boot\plexus-classworlds-2.5.2.jar
Launcher Type: SUN_STANDARD

Environment Variables:
JAVA_HOME=D:\CodingSoft\WebServer\JDK8
USERNAME=Vistor
OS=Windows_NT
PROCESSOR_IDENTIFIER=Intel64 Family 6 Model 158 Stepping 9, GenuineIntel



---------------  S Y S T E M  ---------------

OS: Windows 10.0 , 64 bit Build 19041 (10.0.19041.1023)

CPU:total 4 (initial active 4) (4 cores per cpu, 1 threads per core) family 6 model 158 stepping 9, cmov, cx8, fxsr, mmx, sse, sse2, sse3, ssse3, sse4.1, sse4.2, popcnt, avx, avx2, aes, clmul, erms, rtm, 3dnowpref, lzcnt, tsc, tscinvbit, bmi1, bmi2, adx

Memory: 4k page, physical 16736100k(5696168k free), swap 16736100k(4164k free)

vm_info: Java HotSpot(TM) 64-Bit Server VM (25.141-b15) for windows-amd64 JRE (1.8.0_141-b15), built on Jul 12 2017 04:25:12 by "java_re" with MS VC++ 10.0 (VS2010)

time: Wed Dec 15 14:51:31 2021
elapsed time: 16 seconds (0d 0h 0m 16s)

