#
# There is insufficient memory for the Java Runtime Environment to continue.
# Native memory allocation (malloc) failed to allocate 1141968 bytes for Chunk::new
# Possible reasons:
#   The system is out of physical RAM or swap space
#   In 32 bit mode, the process size limit was hit
# Possible solutions:
#   Reduce memory load on the system
#   Increase physical memory or swap space
#   Check if swap backing store is full
#   Use 64 bit Java on a 64 bit OS
#   Decrease Java heap size (-Xmx/-Xms)
#   Decrease number of Java threads
#   Decrease Java thread stack sizes (-Xss)
#   Set larger code cache with -XX:ReservedCodeCacheSize=
# This output file may be truncated or incomplete.
#
#  Out of Memory Error (allocation.cpp:390), pid=7112, tid=0x0000000000003844
#
# JRE version: Java(TM) SE Runtime Environment (8.0_141-b15) (build 1.8.0_141-b15)
# Java VM: Java HotSpot(TM) 64-Bit Server VM (25.141-b15 mixed mode windows-amd64 compressed oops)
# Failed to write core dump. Minidumps are not enabled by default on client versions of Windows
#

---------------  T H R E A D  ---------------

Current thread (0x000000001c9b3800):  JavaThread "C2 CompilerThread1" daemon [_thread_in_native, id=14404, stack(0x000000001e470000,0x000000001e570000)]

Stack: [0x000000001e470000,0x000000001e570000]
[error occurred during error reporting (printing stack bounds), id 0xc0000005]

Native frames: (J=compiled Java code, j=interpreted, Vv=VM code, C=native code)


Current CompileTask:
C2:   9896 2782   !   4       org.codehaus.plexus.interpolation.StringSearchInterpolator::interpolate (650 bytes)


---------------  P R O C E S S  ---------------

Java Threads: ( => current thread )
  0x000000001ddd3800 JavaThread "Service Thread" daemon [_thread_blocked, id=9972, stack(0x000000001e670000,0x000000001e770000)]
  0x000000001ddce000 JavaThread "C1 CompilerThread2" daemon [_thread_blocked, id=12020, stack(0x000000001e570000,0x000000001e670000)]
=>0x000000001c9b3800 JavaThread "C2 CompilerThread1" daemon [_thread_in_native, id=14404, stack(0x000000001e470000,0x000000001e570000)]
  0x000000001c9fe000 JavaThread "C2 CompilerThread0" daemon [_thread_blocked, id=8780, stack(0x000000001e370000,0x000000001e470000)]
  0x000000001c9fc800 JavaThread "Attach Listener" daemon [_thread_blocked, id=13264, stack(0x000000001e270000,0x000000001e370000)]
  0x000000001dd80800 JavaThread "Signal Dispatcher" daemon [_thread_blocked, id=15148, stack(0x000000001e170000,0x000000001e270000)]
  0x000000001c98a800 JavaThread "Finalizer" daemon [_thread_blocked, id=7240, stack(0x000000001dc10000,0x000000001dd10000)]
  0x000000001c969000 JavaThread "Reference Handler" daemon [_thread_blocked, id=16660, stack(0x000000001db10000,0x000000001dc10000)]
  0x0000000003232800 JavaThread "main" [_thread_in_native, id=15508, stack(0x0000000003070000,0x0000000003170000)]

Other Threads:
  0x000000001c967800 VMThread [stack: 0x000000001da10000,0x000000001db10000] [id=14600]
  0x000000001de17800 WatcherThread [stack: 0x000000001e770000,0x000000001e870000] [id=11728]

VM state:not at safepoint (normal execution)

VM Mutex/Monitor currently owned by a thread: None

Heap:
 PSYoungGen      total 141824K, used 64177K [0x000000076ae00000, 0x0000000774300000, 0x00000007c0000000)
  eden space 131072K, 40% used [0x000000076ae00000,0x000000076e22ec00,0x0000000772e00000)
  from space 10752K, 99% used [0x0000000773880000,0x00000007742fdae8,0x0000000774300000)
  to   space 10752K, 0% used [0x0000000772e00000,0x0000000772e00000,0x0000000773880000)
 ParOldGen       total 175104K, used 1283K [0x00000006c0a00000, 0x00000006cb500000, 0x000000076ae00000)
  object space 175104K, 0% used [0x00000006c0a00000,0x00000006c0b40dc0,0x00000006cb500000)
 Metaspace       used 15887K, capacity 16152K, committed 16384K, reserved 1062912K
  class space    used 1877K, capacity 1949K, committed 2048K, reserved 1048576K

Card table byte_map: [0x00000000126f0000,0x0000000012ef0000] byte_map_base: 0x000000000f0eb000

Marking Bits: (ParMarkBitMap*) 0x000000007469d850
 Begin Bits: [0x0000000013850000, 0x0000000017828000)
 End Bits:   [0x0000000017828000, 0x000000001b800000)

Polling page: 0x0000000001570000

CodeCache: size=245760Kb used=10305Kb max_used=10315Kb free=235454Kb
 bounds [0x0000000003330000, 0x0000000003d50000, 0x0000000012330000]
 total_blobs=3175 nmethods=2816 adapters=271
 compilation: enabled

Compilation events (10 events):
Event: 9.679 Thread 0x000000001ddce000 2803       3       java.util.Formatter::<init> (23 bytes)
Event: 9.679 Thread 0x000000001ddce000 nmethod 2803 0x0000000003d33e50 code [0x0000000003d33fe0, 0x0000000003d343d8]
Event: 9.679 Thread 0x000000001ddce000 2805       3       java.text.DecimalFormatSymbols::getInstance (37 bytes)
Event: 9.679 Thread 0x000000001ddce000 nmethod 2805 0x0000000003d33590 code [0x0000000003d33740, 0x0000000003d33c68]
Event: 9.679 Thread 0x000000001ddce000 2804       3       java.util.Formatter::getZero (27 bytes)
Event: 9.680 Thread 0x000000001ddce000 nmethod 2804 0x0000000003d33050 code [0x0000000003d331c0, 0x0000000003d33498]
Event: 9.690 Thread 0x000000001ddce000 2806       1       org.apache.maven.model.profile.DefaultProfileActivationContext::getUserProperties (5 bytes)
Event: 9.690 Thread 0x000000001ddce000 nmethod 2806 0x0000000003d29e50 code [0x0000000003d29fa0, 0x0000000003d2a0b0]
Event: 9.691 Thread 0x000000001c9fe000 2807       4       org.apache.maven.model.ConfigurationContainer::setLocation (35 bytes)
Event: 9.700 Thread 0x000000001c9fe000 nmethod 2807 0x0000000003d3a910 code [0x0000000003d3aac0, 0x0000000003d3b458]

GC Heap History (4 events):
Event: 2.533 GC heap before
{Heap before GC invocations=1 (full 0):
 PSYoungGen      total 76288K, used 65536K [0x000000076ae00000, 0x0000000770300000, 0x00000007c0000000)
  eden space 65536K, 100% used [0x000000076ae00000,0x000000076ee00000,0x000000076ee00000)
  from space 10752K, 0% used [0x000000076f880000,0x000000076f880000,0x0000000770300000)
  to   space 10752K, 0% used [0x000000076ee00000,0x000000076ee00000,0x000000076f880000)
 ParOldGen       total 175104K, used 0K [0x00000006c0a00000, 0x00000006cb500000, 0x000000076ae00000)
  object space 175104K, 0% used [0x00000006c0a00000,0x00000006c0a00000,0x00000006cb500000)
 Metaspace       used 11998K, capacity 12158K, committed 12416K, reserved 1060864K
  class space    used 1499K, capacity 1578K, committed 1664K, reserved 1048576K
Event: 2.609 GC heap after
Heap after GC invocations=1 (full 0):
 PSYoungGen      total 76288K, used 10574K [0x000000076ae00000, 0x0000000774300000, 0x00000007c0000000)
  eden space 65536K, 0% used [0x000000076ae00000,0x000000076ae00000,0x000000076ee00000)
  from space 10752K, 98% used [0x000000076ee00000,0x000000076f853b40,0x000000076f880000)
  to   space 10752K, 0% used [0x0000000773880000,0x0000000773880000,0x0000000774300000)
 ParOldGen       total 175104K, used 0K [0x00000006c0a00000, 0x00000006cb500000, 0x000000076ae00000)
  object space 175104K, 0% used [0x00000006c0a00000,0x00000006c0a00000,0x00000006cb500000)
 Metaspace       used 11998K, capacity 12158K, committed 12416K, reserved 1060864K
  class space    used 1499K, capacity 1578K, committed 1664K, reserved 1048576K
}
Event: 7.253 GC heap before
{Heap before GC invocations=2 (full 0):
 PSYoungGen      total 76288K, used 76110K [0x000000076ae00000, 0x0000000774300000, 0x00000007c0000000)
  eden space 65536K, 100% used [0x000000076ae00000,0x000000076ee00000,0x000000076ee00000)
  from space 10752K, 98% used [0x000000076ee00000,0x000000076f853b40,0x000000076f880000)
  to   space 10752K, 0% used [0x0000000773880000,0x0000000773880000,0x0000000774300000)
 ParOldGen       total 175104K, used 0K [0x00000006c0a00000, 0x00000006cb500000, 0x000000076ae00000)
  object space 175104K, 0% used [0x00000006c0a00000,0x00000006c0a00000,0x00000006cb500000)
 Metaspace       used 15444K, capacity 15752K, committed 16128K, reserved 1062912K
  class space    used 1852K, capacity 1947K, committed 2048K, reserved 1048576K
Event: 7.370 GC heap after
Heap after GC invocations=2 (full 0):
 PSYoungGen      total 141824K, used 10742K [0x000000076ae00000, 0x0000000774300000, 0x00000007c0000000)
  eden space 131072K, 0% used [0x000000076ae00000,0x000000076ae00000,0x0000000772e00000)
  from space 10752K, 99% used [0x0000000773880000,0x00000007742fdae8,0x0000000774300000)
  to   space 10752K, 0% used [0x0000000772e00000,0x0000000772e00000,0x0000000773880000)
 ParOldGen       total 175104K, used 1283K [0x00000006c0a00000, 0x00000006cb500000, 0x000000076ae00000)
  object space 175104K, 0% used [0x00000006c0a00000,0x00000006c0b40dc0,0x00000006cb500000)
 Metaspace       used 15444K, capacity 15752K, committed 16128K, reserved 1062912K
  class space    used 1852K, capacity 1947K, committed 2048K, reserved 1048576K
}

Deoptimization events (10 events):
Event: 9.058 Thread 0x0000000003232800 Uncommon trap: reason=unstable_if action=reinterpret pc=0x0000000003b69cc4 method=java.util.regex.Matcher.search(I)Z @ 30
Event: 9.058 Thread 0x0000000003232800 Uncommon trap: reason=class_check action=maybe_recompile pc=0x0000000003a1ac5c method=java.util.regex.Pattern$7.isSatisfiedBy(I)Z @ 16
Event: 9.058 Thread 0x0000000003232800 Uncommon trap: reason=class_check action=maybe_recompile pc=0x0000000003a1ac5c method=java.util.regex.Pattern$7.isSatisfiedBy(I)Z @ 16
Event: 9.058 Thread 0x0000000003232800 Uncommon trap: reason=class_check action=maybe_recompile pc=0x0000000003a1ac6c method=java.util.regex.Pattern$CharProperty$1.isSatisfiedBy(I)Z @ 5
Event: 9.058 Thread 0x0000000003232800 Uncommon trap: reason=class_check action=maybe_recompile pc=0x0000000003a1ac5c method=java.util.regex.Pattern$7.isSatisfiedBy(I)Z @ 16
Event: 9.058 Thread 0x0000000003232800 Uncommon trap: reason=class_check action=maybe_recompile pc=0x0000000003a1ac5c method=java.util.regex.Pattern$7.isSatisfiedBy(I)Z @ 16
Event: 9.059 Thread 0x0000000003232800 Uncommon trap: reason=unstable_if action=reinterpret pc=0x0000000003b04ec4 method=org.codehaus.plexus.interpolation.StringSearchInterpolator.interpolate(Ljava/lang/String;Lorg/codehaus/plexus/interpolation/RecursionInterceptor;Ljava/util/Set;)Ljava/lang/S
Event: 9.083 Thread 0x0000000003232800 Uncommon trap: reason=unstable_if action=reinterpret pc=0x0000000003bd13c0 method=org.codehaus.plexus.util.xml.pull.MXParser.nextImpl()I @ 280
Event: 9.656 Thread 0x0000000003232800 Uncommon trap: reason=predicate action=maybe_recompile pc=0x0000000003a678f4 method=java.nio.charset.CharsetDecoder.decode(Ljava/nio/ByteBuffer;Ljava/nio/CharBuffer;Z)Ljava/nio/charset/CoderResult; @ 54
Event: 9.656 Thread 0x0000000003232800 Uncommon trap: reason=predicate action=maybe_recompile pc=0x00000000035e1e50 method=java.nio.charset.CharsetDecoder.decode(Ljava/nio/ByteBuffer;Ljava/nio/CharBuffer;Z)Ljava/nio/charset/CoderResult; @ 54

Internal exceptions (10 events):
Event: 4.455 Thread 0x0000000003232800 Exception <a 'java/lang/NullPointerException'> (0x000000076bd467a0) thrown at [C:\re\workspace\8-2-build-windows-amd64-cygwin\jdk8u141\9370\hotspot\src\share\vm\interpreter\linkResolver.cpp, line 1197]
Event: 4.455 Thread 0x0000000003232800 Exception <a 'java/lang/NullPointerException'> (0x000000076bd5c290) thrown at [C:\re\workspace\8-2-build-windows-amd64-cygwin\jdk8u141\9370\hotspot\src\share\vm\interpreter\linkResolver.cpp, line 1197]
Event: 4.455 Thread 0x0000000003232800 Exception <a 'java/lang/NullPointerException'> (0x000000076bd5c4a8) thrown at [C:\re\workspace\8-2-build-windows-amd64-cygwin\jdk8u141\9370\hotspot\src\share\vm\interpreter\linkResolver.cpp, line 1197]
Event: 4.455 Thread 0x0000000003232800 Exception <a 'java/lang/NullPointerException'> (0x000000076bd5c6c0) thrown at [C:\re\workspace\8-2-build-windows-amd64-cygwin\jdk8u141\9370\hotspot\src\share\vm\interpreter\linkResolver.cpp, line 1197]
Event: 5.194 Thread 0x0000000003232800 Implicit null exception at 0x000000000398d883 to 0x000000000398dacd
Event: 6.988 Thread 0x0000000003232800 Implicit null exception at 0x0000000003b293c3 to 0x0000000003b2960d
Event: 7.376 Thread 0x0000000003232800 Implicit null exception at 0x000000000358e215 to 0x000000000358e419
Event: 7.376 Thread 0x0000000003232800 Implicit null exception at 0x00000000035dd2af to 0x00000000035dd319
Event: 7.646 Thread 0x0000000003232800 Implicit null exception at 0x0000000003af5b4f to 0x0000000003af606d
Event: 9.042 Thread 0x0000000003232800 Implicit null exception at 0x0000000003ca7fac to 0x0000000003cacfa9

Events (10 events):
Event: 9.656 loading class sun/nio/cs/ISO_8859_1$Decoder
Event: 9.656 loading class sun/nio/cs/ISO_8859_1$Decoder done
Event: 9.656 Thread 0x0000000003232800 Uncommon trap: trap_request=0xffffff86 fr.pc=0x0000000003a678f4
Event: 9.656 Executing VM operation: RevokeBias
Event: 9.656 Executing VM operation: RevokeBias done
Event: 9.656 Thread 0x0000000003232800 DEOPT PACKING pc=0x0000000003a678f4 sp=0x000000000316c4b0
Event: 9.656 Thread 0x0000000003232800 DEOPT UNPACKING pc=0x000000000337582a sp=0x000000000316c3d0 mode 2
Event: 9.656 Thread 0x0000000003232800 Uncommon trap: trap_request=0xffffff86 fr.pc=0x00000000035e1e50
Event: 9.656 Thread 0x0000000003232800 DEOPT PACKING pc=0x00000000035e1e50 sp=0x000000000316c400
Event: 9.656 Thread 0x0000000003232800 DEOPT UNPACKING pc=0x000000000337582a sp=0x000000000316c3c8 mode 2


Dynamic libraries:
0x00007ff7cd410000 - 0x00007ff7cd447000 	D:\CodingSoft\WebServer\JDK8\bin\java.exe
0x00007ffd923b0000 - 0x00007ffd925a5000 	C:\WINDOWS\SYSTEM32\ntdll.dll
0x00007ffd90e80000 - 0x00007ffd90f3d000 	C:\WINDOWS\System32\KERNEL32.DLL
0x00007ffd8faf0000 - 0x00007ffd8fdb9000 	C:\WINDOWS\System32\KERNELBASE.dll
0x00007ffd90420000 - 0x00007ffd904cc000 	C:\WINDOWS\System32\ADVAPI32.dll
0x00007ffd90ae0000 - 0x00007ffd90b7e000 	C:\WINDOWS\System32\msvcrt.dll
0x00007ffd90f70000 - 0x00007ffd9100b000 	C:\WINDOWS\System32\sechost.dll
0x00007ffd91b00000 - 0x00007ffd91c2a000 	C:\WINDOWS\System32\RPCRT4.dll
0x00007ffd90700000 - 0x00007ffd908a0000 	C:\WINDOWS\System32\USER32.dll
0x00007ffd903f0000 - 0x00007ffd90412000 	C:\WINDOWS\System32\win32u.dll
0x00007ffd918b0000 - 0x00007ffd918da000 	C:\WINDOWS\System32\GDI32.dll
0x00007ffd8fdc0000 - 0x00007ffd8fecb000 	C:\WINDOWS\System32\gdi32full.dll
0x00007ffd90250000 - 0x00007ffd902ed000 	C:\WINDOWS\System32\msvcp_win.dll
0x00007ffd902f0000 - 0x00007ffd903f0000 	C:\WINDOWS\System32\ucrtbase.dll
0x00007ffd81010000 - 0x00007ffd812aa000 	C:\WINDOWS\WinSxS\amd64_microsoft.windows.common-controls_6595b64144ccf1df_6.0.19041.1110_none_60b5254171f9507e\COMCTL32.dll
0x00007ffd90f40000 - 0x00007ffd90f70000 	C:\WINDOWS\System32\IMM32.DLL
0x0000000075030000 - 0x0000000075102000 	D:\CodingSoft\WebServer\JDK8\jre\bin\msvcr100.dll
0x0000000073e80000 - 0x000000007471d000 	D:\CodingSoft\WebServer\JDK8\jre\bin\server\jvm.dll
0x00007ffd90ad0000 - 0x00007ffd90ad8000 	C:\WINDOWS\System32\PSAPI.DLL
0x00007ffd7f6b0000 - 0x00007ffd7f6b9000 	C:\WINDOWS\SYSTEM32\WSOCK32.dll
0x00007ffd91a90000 - 0x00007ffd91afb000 	C:\WINDOWS\System32\WS2_32.dll
0x00007ffd838b0000 - 0x00007ffd838d7000 	C:\WINDOWS\SYSTEM32\WINMM.dll
0x00007ffd8f680000 - 0x00007ffd8f68a000 	C:\WINDOWS\SYSTEM32\VERSION.dll
0x0000000075530000 - 0x000000007553f000 	D:\CodingSoft\WebServer\JDK8\jre\bin\verify.dll
0x0000000075500000 - 0x0000000075529000 	D:\CodingSoft\WebServer\JDK8\jre\bin\java.dll
0x0000000074fd0000 - 0x0000000074fe6000 	D:\CodingSoft\WebServer\JDK8\jre\bin\zip.dll
0x00007ffd91c30000 - 0x00007ffd9236f000 	C:\WINDOWS\System32\SHELL32.dll
0x00007ffd8d960000 - 0x00007ffd8e0f1000 	C:\WINDOWS\SYSTEM32\windows.storage.dll
0x00007ffd914a0000 - 0x00007ffd917f5000 	C:\WINDOWS\System32\combase.dll
0x00007ffd8f4f0000 - 0x00007ffd8f51c000 	C:\WINDOWS\SYSTEM32\Wldp.dll
0x00007ffd908a0000 - 0x00007ffd9094e000 	C:\WINDOWS\System32\SHCORE.dll
0x00007ffd90950000 - 0x00007ffd909a5000 	C:\WINDOWS\System32\shlwapi.dll
0x00007ffd8fa30000 - 0x00007ffd8fa4f000 	C:\WINDOWS\SYSTEM32\profapi.dll
0x00007ffd8b6f0000 - 0x00007ffd8b6fa000 	D:\CodingSoft\WebServer\apache-maven-3.5.0\lib\jansi-native\windows64\jansi.dll
0x0000000074fa0000 - 0x0000000074fba000 	D:\CodingSoft\WebServer\JDK8\jre\bin\net.dll
0x00007ffd8f250000 - 0x00007ffd8f2ba000 	C:\WINDOWS\system32\mswsock.dll
0x0000000074f70000 - 0x0000000074f81000 	D:\CodingSoft\WebServer\JDK8\jre\bin\nio.dll

VM Arguments:
jvm_args: -Dmaven.multiModuleProjectDirectory=F:\WK\java\gmall0218\gmall-item-web -Dmaven.home=D:\CodingSoft\WebServer\apache-maven-3.5.0 -Dclassworlds.conf=D:\CodingSoft\WebServer\apache-maven-3.5.0\bin\m2.conf -Dmaven.ext.class.path=D:\CodingSoft\IDEA\IntelliJ IDEA 2020.1.1\plugins\maven\lib\maven-event-listener.jar -Dfile.encoding=UTF-8 
java_command: org.codehaus.classworlds.Launcher -Didea.version2020.1.1 -DskipTests=true install --non-recursive -P jdk-1.8
java_class_path (initial): D:\CodingSoft\WebServer\apache-maven-3.5.0\boot\plexus-classworlds-2.5.2.jar
Launcher Type: SUN_STANDARD

Environment Variables:
JAVA_HOME=D:\CodingSoft\WebServer\JDK8
USERNAME=Vistor
OS=Windows_NT
PROCESSOR_IDENTIFIER=Intel64 Family 6 Model 158 Stepping 9, GenuineIntel



---------------  S Y S T E M  ---------------

OS: Windows 10.0 , 64 bit Build 19041 (10.0.19041.1023)

CPU:total 4 (initial active 4) (4 cores per cpu, 1 threads per core) family 6 model 158 stepping 9, cmov, cx8, fxsr, mmx, sse, sse2, sse3, ssse3, sse4.1, sse4.2, popcnt, avx, avx2, aes, clmul, erms, rtm, 3dnowpref, lzcnt, tsc, tscinvbit, bmi1, bmi2, adx

Memory: 4k page, physical 16736100k(6116196k free), swap 16736100k(4112k free)

vm_info: Java HotSpot(TM) 64-Bit Server VM (25.141-b15) for windows-amd64 JRE (1.8.0_141-b15), built on Jul 12 2017 04:25:12 by "java_re" with MS VC++ 10.0 (VS2010)

time: Sun Dec 19 18:16:57 2021
elapsed time: 9 seconds (0d 0h 0m 9s)

