#
# There is insufficient memory for the Java Runtime Environment to continue.
# Native memory allocation (malloc) failed to allocate 32744 bytes for ChunkPool::allocate
# Possible reasons:
#   The system is out of physical RAM or swap space
#   In 32 bit mode, the process size limit was hit
# Possible solutions:
#   Reduce memory load on the system
#   Increase physical memory or swap space
#   Check if swap backing store is full
#   Use 64 bit Java on a 64 bit OS
#   Decrease Java heap size (-Xmx/-Xms)
#   Decrease number of Java threads
#   Decrease Java thread stack sizes (-Xss)
#   Set larger code cache with -XX:ReservedCodeCacheSize=
# This output file may be truncated or incomplete.
#
#  Out of Memory Error (allocation.cpp:273), pid=11904, tid=0x00000000000022d8
#
# JRE version: Java(TM) SE Runtime Environment (8.0_141-b15) (build 1.8.0_141-b15)
# Java VM: Java HotSpot(TM) 64-Bit Server VM (25.141-b15 mixed mode windows-amd64 compressed oops)
# Failed to write core dump. Minidumps are not enabled by default on client versions of Windows
#

---------------  T H R E A D  ---------------

Current thread (0x000000001c69e000):  JavaThread "C2 CompilerThread0" daemon [_thread_in_native, id=8920, stack(0x000000001dff0000,0x000000001e0f0000)]

Stack: [0x000000001dff0000,0x000000001e0f0000]
[error occurred during error reporting (printing stack bounds), id 0xc0000005]

Native frames: (J=compiled Java code, j=interpreted, Vv=VM code, C=native code)


Current CompileTask:
C2:  16258 3906       4       java.net.URLClassLoader$1::run (5 bytes)


---------------  P R O C E S S  ---------------

Java Threads: ( => current thread )
  0x000000001da50800 JavaThread "Service Thread" daemon [_thread_blocked, id=15672, stack(0x000000001e2f0000,0x000000001e3f0000)]
  0x000000001da43800 JavaThread "C1 CompilerThread2" daemon [_thread_blocked, id=16844, stack(0x000000001e1f0000,0x000000001e2f0000)]
  0x000000001d9f9000 JavaThread "C2 CompilerThread1" daemon [_thread_in_native, id=7536, stack(0x000000001e0f0000,0x000000001e1f0000)]
=>0x000000001c69e000 JavaThread "C2 CompilerThread0" daemon [_thread_in_native, id=8920, stack(0x000000001dff0000,0x000000001e0f0000)]
  0x000000001c6ee800 JavaThread "Attach Listener" daemon [_thread_blocked, id=15116, stack(0x000000001def0000,0x000000001dff0000)]
  0x000000001c68a800 JavaThread "Signal Dispatcher" daemon [_thread_blocked, id=13160, stack(0x000000001ddf0000,0x000000001def0000)]
  0x000000000301b800 JavaThread "Finalizer" daemon [_thread_blocked, id=6132, stack(0x000000001d8f0000,0x000000001d9f0000)]
  0x000000001c659000 JavaThread "Reference Handler" daemon [_thread_blocked, id=11304, stack(0x000000001d7f0000,0x000000001d8f0000)]
  0x0000000002f22800 JavaThread "main" [_thread_in_native, id=14344, stack(0x0000000002c80000,0x0000000002d80000)]

Other Threads:
  0x000000001c657800 VMThread [stack: 0x000000001d6f0000,0x000000001d7f0000] [id=7196]
  0x000000001dac4000 WatcherThread [stack: 0x000000001e3f0000,0x000000001e4f0000] [id=17440]

VM state:not at safepoint (normal execution)

VM Mutex/Monitor currently owned by a thread: None

Heap:
 PSYoungGen      total 141824K, used 57649K [0x000000076ae00000, 0x000000077c300000, 0x00000007c0000000)
  eden space 131072K, 35% used [0x000000076ae00000,0x000000076dbce6d0,0x0000000772e00000)
  from space 10752K, 99% used [0x0000000772e00000,0x000000077387e030,0x0000000773880000)
  to   space 10752K, 0% used [0x000000077b880000,0x000000077b880000,0x000000077c300000)
 ParOldGen       total 175104K, used 12012K [0x00000006c0a00000, 0x00000006cb500000, 0x000000076ae00000)
  object space 175104K, 6% used [0x00000006c0a00000,0x00000006c15bb220,0x00000006cb500000)
 Metaspace       used 19067K, capacity 19704K, committed 19840K, reserved 1069056K
  class space    used 2219K, capacity 2376K, committed 2432K, reserved 1048576K

Card table byte_map: [0x00000000123e0000,0x0000000012be0000] byte_map_base: 0x000000000eddb000

Marking Bits: (ParMarkBitMap*) 0x000000007469d850
 Begin Bits: [0x0000000013540000, 0x0000000017518000)
 End Bits:   [0x0000000017518000, 0x000000001b4f0000)

Polling page: 0x0000000000f00000

CodeCache: size=245760Kb used=13036Kb max_used=13404Kb free=232723Kb
 bounds [0x0000000003020000, 0x0000000003d70000, 0x0000000012020000]
 total_blobs=3900 nmethods=3520 adapters=292
 compilation: enabled

Compilation events (10 events):
Event: 16.195 Thread 0x000000001da43800 3927       3       org.eclipse.sisu.inject.InjectorBindings::subscribe (46 bytes)
Event: 16.195 Thread 0x000000001da43800 nmethod 3927 0x0000000003316c90 code [0x0000000003316e20, 0x0000000003317288]
Event: 16.195 Thread 0x000000001da43800 3928       3       org.eclipse.sisu.inject.RankedSequence::removeThis (43 bytes)
Event: 16.196 Thread 0x000000001da43800 nmethod 3928 0x0000000003316090 code [0x0000000003316240, 0x0000000003316a08]
Event: 16.212 Thread 0x000000001da43800 3929   !   3       org.apache.maven.plugin.PluginParameterExpressionEvaluator::evaluate (1319 bytes)
Event: 16.217 Thread 0x000000001da43800 nmethod 3929 0x0000000003d557d0 code [0x0000000003d56940, 0x0000000003d64768]
Event: 16.220 Thread 0x000000001da43800 3930       3       java.lang.System::getProperty (25 bytes)
Event: 16.220 Thread 0x000000001da43800 nmethod 3930 0x0000000003315590 code [0x0000000003315760, 0x0000000003315de8]
Event: 16.228 Thread 0x000000001da43800 3931       3       java.util.jar.Manifest::getAttributes (14 bytes)
Event: 16.228 Thread 0x000000001da43800 nmethod 3931 0x0000000003314f90 code [0x0000000003315100, 0x00000000033154a8]

GC Heap History (6 events):
Event: 2.183 GC heap before
{Heap before GC invocations=1 (full 0):
 PSYoungGen      total 76288K, used 65536K [0x000000076ae00000, 0x0000000770300000, 0x00000007c0000000)
  eden space 65536K, 100% used [0x000000076ae00000,0x000000076ee00000,0x000000076ee00000)
  from space 10752K, 0% used [0x000000076f880000,0x000000076f880000,0x0000000770300000)
  to   space 10752K, 0% used [0x000000076ee00000,0x000000076ee00000,0x000000076f880000)
 ParOldGen       total 175104K, used 0K [0x00000006c0a00000, 0x00000006cb500000, 0x000000076ae00000)
  object space 175104K, 0% used [0x00000006c0a00000,0x00000006c0a00000,0x00000006cb500000)
 Metaspace       used 11999K, capacity 12222K, committed 12416K, reserved 1060864K
  class space    used 1498K, capacity 1578K, committed 1664K, reserved 1048576K
Event: 2.210 GC heap after
Heap after GC invocations=1 (full 0):
 PSYoungGen      total 76288K, used 10570K [0x000000076ae00000, 0x0000000774300000, 0x00000007c0000000)
  eden space 65536K, 0% used [0x000000076ae00000,0x000000076ae00000,0x000000076ee00000)
  from space 10752K, 98% used [0x000000076ee00000,0x000000076f852ab0,0x000000076f880000)
  to   space 10752K, 0% used [0x0000000773880000,0x0000000773880000,0x0000000774300000)
 ParOldGen       total 175104K, used 0K [0x00000006c0a00000, 0x00000006cb500000, 0x000000076ae00000)
  object space 175104K, 0% used [0x00000006c0a00000,0x00000006c0a00000,0x00000006cb500000)
 Metaspace       used 11999K, capacity 12222K, committed 12416K, reserved 1060864K
  class space    used 1498K, capacity 1578K, committed 1664K, reserved 1048576K
}
Event: 6.721 GC heap before
{Heap before GC invocations=2 (full 0):
 PSYoungGen      total 76288K, used 76106K [0x000000076ae00000, 0x0000000774300000, 0x00000007c0000000)
  eden space 65536K, 100% used [0x000000076ae00000,0x000000076ee00000,0x000000076ee00000)
  from space 10752K, 98% used [0x000000076ee00000,0x000000076f852ab0,0x000000076f880000)
  to   space 10752K, 0% used [0x0000000773880000,0x0000000773880000,0x0000000774300000)
 ParOldGen       total 175104K, used 0K [0x00000006c0a00000, 0x00000006cb500000, 0x000000076ae00000)
  object space 175104K, 0% used [0x00000006c0a00000,0x00000006c0a00000,0x00000006cb500000)
 Metaspace       used 15459K, capacity 15752K, committed 16128K, reserved 1062912K
  class space    used 1852K, capacity 1947K, committed 2048K, reserved 1048576K
Event: 6.846 GC heap after
Heap after GC invocations=2 (full 0):
 PSYoungGen      total 141824K, used 10749K [0x000000076ae00000, 0x0000000774300000, 0x00000007c0000000)
  eden space 131072K, 0% used [0x000000076ae00000,0x000000076ae00000,0x0000000772e00000)
  from space 10752K, 99% used [0x0000000773880000,0x00000007742ff4e8,0x0000000774300000)
  to   space 10752K, 0% used [0x0000000772e00000,0x0000000772e00000,0x0000000773880000)
 ParOldGen       total 175104K, used 1326K [0x00000006c0a00000, 0x00000006cb500000, 0x000000076ae00000)
  object space 175104K, 0% used [0x00000006c0a00000,0x00000006c0b4b8f0,0x00000006cb500000)
 Metaspace       used 15459K, capacity 15752K, committed 16128K, reserved 1062912K
  class space    used 1852K, capacity 1947K, committed 2048K, reserved 1048576K
}
Event: 11.949 GC heap before
{Heap before GC invocations=3 (full 0):
 PSYoungGen      total 141824K, used 141821K [0x000000076ae00000, 0x0000000774300000, 0x00000007c0000000)
  eden space 131072K, 100% used [0x000000076ae00000,0x0000000772e00000,0x0000000772e00000)
  from space 10752K, 99% used [0x0000000773880000,0x00000007742ff4e8,0x0000000774300000)
  to   space 10752K, 0% used [0x0000000772e00000,0x0000000772e00000,0x0000000773880000)
 ParOldGen       total 175104K, used 1326K [0x00000006c0a00000, 0x00000006cb500000, 0x000000076ae00000)
  object space 175104K, 0% used [0x00000006c0a00000,0x00000006c0b4b8f0,0x00000006cb500000)
 Metaspace       used 17116K, capacity 17588K, committed 17792K, reserved 1064960K
  class space    used 1985K, capacity 2059K, committed 2176K, reserved 1048576K
Event: 12.080 GC heap after
Heap after GC invocations=3 (full 0):
 PSYoungGen      total 141824K, used 10744K [0x000000076ae00000, 0x000000077c300000, 0x00000007c0000000)
  eden space 131072K, 0% used [0x000000076ae00000,0x000000076ae00000,0x0000000772e00000)
  from space 10752K, 99% used [0x0000000772e00000,0x000000077387e030,0x0000000773880000)
  to   space 10752K, 0% used [0x000000077b880000,0x000000077b880000,0x000000077c300000)
 ParOldGen       total 175104K, used 12012K [0x00000006c0a00000, 0x00000006cb500000, 0x000000076ae00000)
  object space 175104K, 6% used [0x00000006c0a00000,0x00000006c15bb220,0x00000006cb500000)
 Metaspace       used 17116K, capacity 17588K, committed 17792K, reserved 1064960K
  class space    used 1985K, capacity 2059K, committed 2176K, reserved 1048576K
}

Deoptimization events (10 events):
Event: 11.282 Thread 0x0000000002f22800 Uncommon trap: reason=unstable_if action=reinterpret pc=0x0000000003a5c850 method=java.nio.charset.CharsetDecoder.decode(Ljava/nio/ByteBuffer;Ljava/nio/CharBuffer;Z)Ljava/nio/charset/CoderResult; @ 105
Event: 11.284 Thread 0x0000000002f22800 Uncommon trap: reason=unstable_if action=reinterpret pc=0x0000000003a78760 method=sun.nio.cs.UTF_8$Encoder.encodeArrayLoop(Ljava/nio/CharBuffer;Ljava/nio/ByteBuffer;)Ljava/nio/charset/CoderResult; @ 87
Event: 12.904 Thread 0x0000000002f22800 Uncommon trap: reason=intrinsic action=make_not_entrant pc=0x000000000377c048 method=org.apache.maven.model.Dependency.getManagementKey()Ljava/lang/String; @ 8
Event: 12.905 Thread 0x0000000002f22800 Uncommon trap: reason=unstable_if action=reinterpret pc=0x0000000003a77754 method=org.eclipse.aether.artifact.DefaultArtifact.<init>(Ljava/lang/String;Ljava/lang/String;Ljava/lang/String;Ljava/lang/String;Ljava/lang/String;Ljava/util/Map;Lorg/eclipse/aeth
Event: 13.412 Thread 0x0000000002f22800 Uncommon trap: reason=class_check action=maybe_recompile pc=0x0000000003b6f69c method=org.eclipse.sisu.wire.EntryListAdapter$ValueIterator.hasNext()Z @ 4
Event: 13.840 Thread 0x0000000002f22800 Uncommon trap: reason=unstable_if action=reinterpret pc=0x0000000003cf01c4 method=com.google.inject.internal.InjectorImpl.callInContext(Lcom/google/inject/internal/ContextualCallable;)Ljava/lang/Object; @ 161
Event: 14.425 Thread 0x0000000002f22800 Uncommon trap: reason=class_check action=maybe_recompile pc=0x0000000003b6f69c method=org.eclipse.sisu.wire.EntryListAdapter$ValueIterator.hasNext()Z @ 4
Event: 15.822 Thread 0x0000000002f22800 Uncommon trap: reason=class_check action=maybe_recompile pc=0x0000000003b6f69c method=org.eclipse.sisu.wire.EntryListAdapter$ValueIterator.hasNext()Z @ 4
Event: 16.226 Thread 0x0000000002f22800 Uncommon trap: reason=unstable_if action=reinterpret pc=0x000000000340ea8c method=org.apache.maven.model.Contributor.clone()Lorg/apache/maven/model/Contributor; @ 65
Event: 16.226 Thread 0x0000000002f22800 Uncommon trap: reason=unstable_if action=reinterpret pc=0x0000000003d3b018 method=org.apache.maven.model.Contributor.clone()Lorg/apache/maven/model/Contributor; @ 65

Internal exceptions (10 events):
Event: 3.266 Thread 0x0000000002f22800 Exception <a 'java/lang/NullPointerException'> (0x000000076bd629a0) thrown at [C:\re\workspace\8-2-build-windows-amd64-cygwin\jdk8u141\9370\hotspot\src\share\vm\interpreter\linkResolver.cpp, line 1197]
Event: 4.066 Thread 0x0000000002f22800 Implicit null exception at 0x0000000003687d03 to 0x0000000003687f4d
Event: 6.332 Thread 0x0000000002f22800 Implicit null exception at 0x0000000003836183 to 0x00000000038363cd
Event: 6.624 Thread 0x0000000002f22800 Implicit null exception at 0x000000000327d855 to 0x000000000327da59
Event: 6.624 Thread 0x0000000002f22800 Implicit null exception at 0x00000000033cf4af to 0x00000000033cf519
Event: 7.075 Thread 0x0000000002f22800 Implicit null exception at 0x00000000037ff50f to 0x00000000037ffa2d
Event: 7.623 Thread 0x0000000002f22800 Implicit null exception at 0x00000000039529d8 to 0x00000000039563a5
Event: 8.605 Thread 0x0000000002f22800 Implicit null exception at 0x0000000003a75543 to 0x0000000003a757d1
Event: 11.025 Thread 0x0000000002f22800 Implicit null exception at 0x000000000383b3ba to 0x000000000383c54d
Event: 13.840 Thread 0x0000000002f22800 Implicit null exception at 0x0000000003ceee6e to 0x0000000003cf01b2

Events (10 events):
Event: 16.246 loading class org/apache/maven/shared/utils/io/IOUtil
Event: 16.246 loading class org/apache/maven/shared/utils/io/IOUtil done
Event: 16.248 loading class org/codehaus/plexus/archiver/jar/Manifest$Section
Event: 16.248 loading class org/codehaus/plexus/archiver/jar/Manifest$Section done
Event: 16.248 loading class org/codehaus/plexus/archiver/jar/Manifest$Section
Event: 16.248 loading class org/codehaus/plexus/archiver/jar/Manifest$Section done
Event: 16.248 loading class org/apache/maven/shared/utils/StringUtils
Event: 16.248 loading class org/apache/maven/shared/utils/StringUtils done
Event: 16.248 loading class org/apache/maven/shared/utils/StringUtils
Event: 16.248 loading class org/apache/maven/shared/utils/StringUtils done


Dynamic libraries:
0x00007ff7cd410000 - 0x00007ff7cd447000 	D:\CodingSoft\WebServer\JDK8\bin\java.exe
0x00007ffd923b0000 - 0x00007ffd925a5000 	C:\WINDOWS\SYSTEM32\ntdll.dll
0x00007ffd90e80000 - 0x00007ffd90f3d000 	C:\WINDOWS\System32\KERNEL32.DLL
0x00007ffd8faf0000 - 0x00007ffd8fdb9000 	C:\WINDOWS\System32\KERNELBASE.dll
0x00007ffd90420000 - 0x00007ffd904cc000 	C:\WINDOWS\System32\ADVAPI32.dll
0x00007ffd90ae0000 - 0x00007ffd90b7e000 	C:\WINDOWS\System32\msvcrt.dll
0x00007ffd90f70000 - 0x00007ffd9100b000 	C:\WINDOWS\System32\sechost.dll
0x00007ffd91b00000 - 0x00007ffd91c2a000 	C:\WINDOWS\System32\RPCRT4.dll
0x00007ffd90700000 - 0x00007ffd908a0000 	C:\WINDOWS\System32\USER32.dll
0x00007ffd903f0000 - 0x00007ffd90412000 	C:\WINDOWS\System32\win32u.dll
0x00007ffd918b0000 - 0x00007ffd918da000 	C:\WINDOWS\System32\GDI32.dll
0x00007ffd8fdc0000 - 0x00007ffd8fecb000 	C:\WINDOWS\System32\gdi32full.dll
0x00007ffd90250000 - 0x00007ffd902ed000 	C:\WINDOWS\System32\msvcp_win.dll
0x00007ffd902f0000 - 0x00007ffd903f0000 	C:\WINDOWS\System32\ucrtbase.dll
0x00007ffd81010000 - 0x00007ffd812aa000 	C:\WINDOWS\WinSxS\amd64_microsoft.windows.common-controls_6595b64144ccf1df_6.0.19041.1110_none_60b5254171f9507e\COMCTL32.dll
0x00007ffd90f40000 - 0x00007ffd90f70000 	C:\WINDOWS\System32\IMM32.DLL
0x0000000075030000 - 0x0000000075102000 	D:\CodingSoft\WebServer\JDK8\jre\bin\msvcr100.dll
0x0000000073e80000 - 0x000000007471d000 	D:\CodingSoft\WebServer\JDK8\jre\bin\server\jvm.dll
0x00007ffd90ad0000 - 0x00007ffd90ad8000 	C:\WINDOWS\System32\PSAPI.DLL
0x00007ffd838b0000 - 0x00007ffd838d7000 	C:\WINDOWS\SYSTEM32\WINMM.dll
0x00007ffd8f680000 - 0x00007ffd8f68a000 	C:\WINDOWS\SYSTEM32\VERSION.dll
0x00007ffd7f6b0000 - 0x00007ffd7f6b9000 	C:\WINDOWS\SYSTEM32\WSOCK32.dll
0x00007ffd91a90000 - 0x00007ffd91afb000 	C:\WINDOWS\System32\WS2_32.dll
0x0000000075530000 - 0x000000007553f000 	D:\CodingSoft\WebServer\JDK8\jre\bin\verify.dll
0x0000000075500000 - 0x0000000075529000 	D:\CodingSoft\WebServer\JDK8\jre\bin\java.dll
0x0000000074fd0000 - 0x0000000074fe6000 	D:\CodingSoft\WebServer\JDK8\jre\bin\zip.dll
0x00007ffd91c30000 - 0x00007ffd9236f000 	C:\WINDOWS\System32\SHELL32.dll
0x00007ffd8d960000 - 0x00007ffd8e0f1000 	C:\WINDOWS\SYSTEM32\windows.storage.dll
0x00007ffd914a0000 - 0x00007ffd917f5000 	C:\WINDOWS\System32\combase.dll
0x00007ffd8f4f0000 - 0x00007ffd8f51c000 	C:\WINDOWS\SYSTEM32\Wldp.dll
0x00007ffd908a0000 - 0x00007ffd9094e000 	C:\WINDOWS\System32\SHCORE.dll
0x00007ffd90950000 - 0x00007ffd909a5000 	C:\WINDOWS\System32\shlwapi.dll
0x00007ffd8fa30000 - 0x00007ffd8fa4f000 	C:\WINDOWS\SYSTEM32\profapi.dll
0x00007ffd6f880000 - 0x00007ffd6f88a000 	D:\CodingSoft\WebServer\apache-maven-3.5.0\lib\jansi-native\windows64\jansi.dll
0x0000000074fa0000 - 0x0000000074fba000 	D:\CodingSoft\WebServer\JDK8\jre\bin\net.dll
0x00007ffd8f250000 - 0x00007ffd8f2ba000 	C:\WINDOWS\system32\mswsock.dll
0x0000000074f70000 - 0x0000000074f81000 	D:\CodingSoft\WebServer\JDK8\jre\bin\nio.dll

VM Arguments:
jvm_args: -Dmaven.multiModuleProjectDirectory=F:\WK\java\gmall0218\gmall-order-web -Dmaven.home=D:\CodingSoft\WebServer\apache-maven-3.5.0 -Dclassworlds.conf=D:\CodingSoft\WebServer\apache-maven-3.5.0\bin\m2.conf -Dmaven.ext.class.path=D:\CodingSoft\IDEA\IntelliJ IDEA 2020.1.1\plugins\maven\lib\maven-event-listener.jar -Dfile.encoding=UTF-8 
java_command: org.codehaus.classworlds.Launcher -Didea.version2020.1.1 -DskipTests=true install --non-recursive -P jdk-1.8
java_class_path (initial): D:\CodingSoft\WebServer\apache-maven-3.5.0\boot\plexus-classworlds-2.5.2.jar
Launcher Type: SUN_STANDARD

Environment Variables:
JAVA_HOME=D:\CodingSoft\WebServer\JDK8
USERNAME=Vistor
OS=Windows_NT
PROCESSOR_IDENTIFIER=Intel64 Family 6 Model 158 Stepping 9, GenuineIntel



---------------  S Y S T E M  ---------------

OS: Windows 10.0 , 64 bit Build 19041 (10.0.19041.1023)

CPU:total 4 (initial active 4) (4 cores per cpu, 1 threads per core) family 6 model 158 stepping 9, cmov, cx8, fxsr, mmx, sse, sse2, sse3, ssse3, sse4.1, sse4.2, popcnt, avx, avx2, aes, clmul, erms, rtm, 3dnowpref, lzcnt, tsc, tscinvbit, bmi1, bmi2, adx

Memory: 4k page, physical 16736100k(5696192k free), swap 16736100k(4176k free)

vm_info: Java HotSpot(TM) 64-Bit Server VM (25.141-b15) for windows-amd64 JRE (1.8.0_141-b15), built on Jul 12 2017 04:25:12 by "java_re" with MS VC++ 10.0 (VS2010)

time: Wed Dec 15 14:51:31 2021
elapsed time: 16 seconds (0d 0h 0m 16s)

